[2016-10-18 10:53:31] 下载分类：医疗保健
[2016-10-18 10:53:54] 去噪成功.
[2016-10-18 10:53:54] 预计条目数: 90
[2016-10-18 10:53:54] 先前已下载!
[2016-10-18 10:53:54] 先前已下载!
[2016-10-18 10:53:54] 先前已下载!
[2016-10-18 10:53:54] 先前已下载!
[2016-10-18 10:53:54] 先前已下载!
[2016-10-18 10:53:54] 先前已下载!
[2016-10-18 10:53:54] 先前已下载!
[2016-10-18 10:53:55] 先前已下载!
[2016-10-18 10:53:55] 先前已下载!
[2016-10-18 10:53:55] 先前已下载!
[2016-10-18 10:53:55] 先前已下载!
[2016-10-18 10:53:55] 先前已下载!
[2016-10-18 10:53:55] 先前已下载!
[2016-10-18 10:53:55] 先前已下载!
[2016-10-18 10:53:56] 先前已下载!
[2016-10-18 10:53:56] 先前已下载!
[2016-10-18 10:53:56] 先前已下载!
[2016-10-18 10:53:56] 先前已下载!
[2016-10-18 10:53:56] 先前已下载!
[2016-10-18 10:53:56] 先前已下载!
[2016-10-18 10:53:56] 先前已下载!
[2016-10-18 10:53:56] 先前已下载!
[2016-10-18 10:53:56] 先前已下载!
[2016-10-18 10:53:57] 先前已下载!
[2016-10-18 10:53:57] 先前已下载!
[2016-10-18 10:53:57] 先前已下载!
[2016-10-18 10:53:57] 先前已下载!
[2016-10-18 10:53:57] 先前已下载!
[2016-10-18 10:53:57] 先前已下载!
[2016-10-18 10:53:58] 先前已下载!
[2016-10-18 10:53:58] 先前已下载!
[2016-10-18 10:53:58] 先前已下载!
[2016-10-18 10:53:58] 先前已下载!
[2016-10-18 10:53:58] 先前已下载!
[2016-10-18 10:53:58] 先前已下载!
[2016-10-18 10:53:58] 先前已下载!
[2016-10-18 10:53:58] 先前已下载!
[2016-10-18 10:53:58] 先前已下载!
[2016-10-18 10:53:58] 先前已下载!
[2016-10-18 10:53:59] 先前已下载!
[2016-10-18 10:53:59] 抢购进行中抓取数量:51
[2016-10-18 10:53:59] 抢购已完成抓取数量:7
[2016-10-18 10:53:59] 先前已下载!
[2016-10-18 10:53:59] 更新操作
[2016-10-18 10:53:59] 先前已下载!
[2016-10-18 10:53:59] 更新操作
[2016-10-18 10:53:59] 先前已下载!
[2016-10-18 10:54:00] 更新操作
[2016-10-18 10:54:00] 先前已下载!
[2016-10-18 10:54:00] 更新操作
[2016-10-18 10:54:00] 先前已下载!
[2016-10-18 10:54:00] 更新操作
[2016-10-18 10:54:00] 先前已下载!
[2016-10-18 10:54:00] 更新操作
[2016-10-18 10:54:00] 先前已下载!
[2016-10-18 10:54:00] 更新操作
[2016-10-18 10:54:00] 先前已下载!
[2016-10-18 10:54:00] 更新操作
[2016-10-18 10:54:00] 先前已下载!
[2016-10-18 10:54:00] 更新操作
[2016-10-18 10:54:00] 先前已下载!
[2016-10-18 10:54:00] 更新操作
[2016-10-18 10:54:00] 先前已下载!
[2016-10-18 10:54:01] 更新操作
[2016-10-18 10:54:01] 先前已下载!
[2016-10-18 10:54:01] 更新操作
[2016-10-18 10:54:01] 先前已下载!
[2016-10-18 10:54:01] 更新操作
[2016-10-18 10:54:01] 先前已下载!
[2016-10-18 10:54:01] 更新操作
[2016-10-18 10:54:01] 先前已下载!
[2016-10-18 10:54:01] 更新操作
[2016-10-18 10:54:01] 先前已下载!
[2016-10-18 10:54:01] 更新操作
[2016-10-18 10:54:01] 先前已下载!
[2016-10-18 10:54:01] 更新操作
[2016-10-18 10:54:01] 先前已下载!
[2016-10-18 10:54:01] 更新操作
[2016-10-18 10:54:01] 先前已下载!
[2016-10-18 10:54:02] 更新操作
[2016-10-18 10:54:02] 先前已下载!
[2016-10-18 10:54:02] 更新操作
[2016-10-18 10:54:02] 先前已下载!
[2016-10-18 10:54:02] 更新操作
[2016-10-18 10:54:02] 先前已下载!
[2016-10-18 10:54:02] 更新操作
[2016-10-18 10:54:02] 先前已下载!
[2016-10-18 10:54:02] 更新操作
[2016-10-18 10:54:02] 先前已下载!
[2016-10-18 10:54:02] 更新操作
[2016-10-18 10:54:02] 先前已下载!
[2016-10-18 10:54:02] 更新操作
[2016-10-18 10:54:02] 先前已下载!
[2016-10-18 10:54:02] 更新操作
[2016-10-18 10:54:02] 先前已下载!
[2016-10-18 10:54:03] 更新操作
[2016-10-18 10:54:03] 先前已下载!
[2016-10-18 10:54:03] 更新操作
[2016-10-18 10:54:03] 先前已下载!
[2016-10-18 10:54:03] 更新操作
[2016-10-18 10:54:03] 先前已下载!
[2016-10-18 10:54:03] 更新操作
[2016-10-18 10:54:03] 先前已下载!
[2016-10-18 10:54:03] 更新操作
[2016-10-18 10:54:03] 先前已下载!
[2016-10-18 10:54:03] 更新操作
[2016-10-18 10:54:03] 先前已下载!
[2016-10-18 10:54:04] 更新操作
[2016-10-18 10:54:04] 先前已下载!
[2016-10-18 10:54:04] 更新操作
[2016-10-18 10:54:04] 先前已下载!
[2016-10-18 10:54:04] 更新操作
[2016-10-18 10:54:04] 先前已下载!
[2016-10-18 10:54:04] 更新操作
[2016-10-18 10:54:04] 先前已下载!
[2016-10-18 10:54:04] 更新操作
[2016-10-18 10:54:04] 先前已下载!
[2016-10-18 10:54:04] 更新操作
[2016-10-18 10:54:04] 先前已下载!
[2016-10-18 10:54:04] 更新操作
[2016-10-18 10:54:04] 先前已下载!
[2016-10-18 10:54:04] 更新操作
[2016-10-18 10:54:04] 先前已下载!
[2016-10-18 10:54:04] 更新操作
[2016-10-18 10:54:04] 先前已下载!
[2016-10-18 10:54:05] 更新操作
[2016-10-18 10:54:05] 先前已下载!
[2016-10-18 10:54:05] 更新操作
[2016-10-18 10:54:05] 先前已下载!
[2016-10-18 10:54:05] 更新操作
[2016-10-18 10:54:05] 先前已下载!
[2016-10-18 10:54:05] 更新操作
[2016-10-18 10:54:05] 先前已下载!
[2016-10-18 10:54:05] 更新操作
[2016-10-18 10:54:05] 先前已下载!
[2016-10-18 10:54:05] 更新操作
[2016-10-18 10:54:05] 先前已下载!
[2016-10-18 10:54:05] 更新操作
[2016-10-18 10:54:05] 先前已下载!
[2016-10-18 10:54:05] 更新操作
[2016-10-18 10:54:05] 先前已下载!
[2016-10-18 10:54:05] 更新操作
[2016-10-18 10:54:05] 先前已下载!
[2016-10-18 10:54:05] 更新操作
[2016-10-18 10:54:06] 先前已下载!
[2016-10-18 10:54:06] 先前已下载!
[2016-10-18 10:54:06] 先前已下载!
[2016-10-18 10:54:06] 先前已下载!
[2016-10-18 10:54:06] 先前已下载!
[2016-10-18 10:54:07] 先前已下载!
[2016-10-18 10:54:07] 先前已下载!
[2016-10-18 10:54:07] 先前已下载!
[2016-10-18 10:54:07] 先前已下载!
[2016-10-18 10:54:07] 先前已下载!
[2016-10-18 10:54:07] 先前已下载!
[2016-10-18 10:54:07] 先前已下载!
[2016-10-18 10:54:07] 先前已下载!
[2016-10-18 10:54:07] 先前已下载!
[2016-10-18 10:54:07] 先前已下载!
[2016-10-18 10:54:08] 先前已下载!
[2016-10-18 10:54:08] 先前已下载!
[2016-10-18 10:54:08] 先前已下载!
[2016-10-18 10:54:08] 先前已下载!
[2016-10-18 10:54:08] 先前已下载!
[2016-10-18 10:54:08] 先前已下载!
[2016-10-18 10:54:08] 先前已下载!
[2016-10-18 10:54:08] 先前已下载!
[2016-10-18 10:54:08] 先前已下载!
[2016-10-18 10:54:08] 先前已下载!
[2016-10-18 10:54:08] 先前已下载!
[2016-10-18 10:54:09] 先前已下载!
[2016-10-18 10:54:09] 先前已下载!
[2016-10-18 10:54:09] 抢购未开始抓取数量:83
[2016-10-18 10:54:09] 总抓取数量:141
[2016-10-18 10:54:09] 下载分类：美妆
[2016-10-18 10:54:25] 去噪成功.
[2016-10-18 10:54:25] 预计条目数: 114
[2016-10-18 10:54:25] 先前已下载!
[2016-10-18 10:54:25] 先前已下载!
[2016-10-18 10:54:25] 先前已下载!
[2016-10-18 10:54:25] 先前已下载!
[2016-10-18 10:54:25] 先前已下载!
[2016-10-18 10:54:25] 先前已下载!
[2016-10-18 10:54:25] 先前已下载!
[2016-10-18 10:54:25] 先前已下载!
[2016-10-18 10:54:26] 先前已下载!
[2016-10-18 10:54:26] 先前已下载!
[2016-10-18 10:54:26] 先前已下载!
[2016-10-18 10:54:26] 先前已下载!
[2016-10-18 10:54:26] 先前已下载!
[2016-10-18 10:54:26] 先前已下载!
[2016-10-18 10:54:27] 先前已下载!
[2016-10-18 10:54:27] 先前已下载!
[2016-10-18 10:54:27] 先前已下载!
[2016-10-18 10:54:27] 先前已下载!
[2016-10-18 10:54:27] 先前已下载!
[2016-10-18 10:54:27] 先前已下载!
[2016-10-18 10:54:27] 先前已下载!
[2016-10-18 10:54:28] 先前已下载!
[2016-10-18 10:54:28] 先前已下载!
[2016-10-18 10:54:28] 先前已下载!
[2016-10-18 10:54:28] 先前已下载!
[2016-10-18 10:54:28] 先前已下载!
[2016-10-18 10:54:28] 先前已下载!
[2016-10-18 10:54:28] 先前已下载!
[2016-10-18 10:54:28] 先前已下载!
[2016-10-18 10:54:29] 先前已下载!
[2016-10-18 10:54:29] 先前已下载!
[2016-10-18 10:54:29] 先前已下载!
[2016-10-18 10:54:29] 先前已下载!
[2016-10-18 10:54:29] 先前已下载!
[2016-10-18 10:54:29] 先前已下载!
[2016-10-18 10:54:29] 先前已下载!
[2016-10-18 10:54:29] 先前已下载!
[2016-10-18 10:54:29] 先前已下载!
[2016-10-18 10:54:30] 先前已下载!
[2016-10-18 10:54:30] 先前已下载!
[2016-10-18 10:54:30] 先前已下载!
[2016-10-18 10:54:30] 先前已下载!
[2016-10-18 10:54:30] 先前已下载!
[2016-10-18 10:54:30] 先前已下载!
[2016-10-18 10:54:30] 先前已下载!
[2016-10-18 10:54:30] 先前已下载!
[2016-10-18 10:54:30] 先前已下载!
[2016-10-18 10:54:31] 先前已下载!
[2016-10-18 10:54:31] 先前已下载!
[2016-10-18 10:54:31] 抢购进行中抓取数量:66
[2016-10-18 10:54:32] 抢购已完成抓取数量:6
[2016-10-18 10:54:32] 先前已下载!
[2016-10-18 10:54:32] 更新操作
[2016-10-18 10:54:32] 先前已下载!
[2016-10-18 10:54:32] 更新操作
[2016-10-18 10:54:32] 先前已下载!
[2016-10-18 10:54:32] 更新操作
[2016-10-18 10:54:32] 先前已下载!
[2016-10-18 10:54:32] 更新操作
[2016-10-18 10:54:32] 先前已下载!
[2016-10-18 10:54:32] 更新操作
[2016-10-18 10:54:32] 先前已下载!
[2016-10-18 10:54:33] 更新操作
[2016-10-18 10:54:33] 先前已下载!
[2016-10-18 10:54:33] 更新操作
[2016-10-18 10:54:33] 先前已下载!
[2016-10-18 10:54:33] 更新操作
[2016-10-18 10:54:33] 先前已下载!
[2016-10-18 10:54:33] 更新操作
[2016-10-18 10:54:33] 先前已下载!
[2016-10-18 10:54:33] 更新操作
[2016-10-18 10:54:33] 先前已下载!
[2016-10-18 10:54:33] 更新操作
[2016-10-18 10:54:33] 先前已下载!
[2016-10-18 10:54:33] 更新操作
[2016-10-18 10:54:33] 先前已下载!
[2016-10-18 10:54:33] 更新操作
[2016-10-18 10:54:33] 先前已下载!
[2016-10-18 10:54:34] 更新操作
[2016-10-18 10:54:34] 先前已下载!
[2016-10-18 10:54:34] 更新操作
[2016-10-18 10:54:34] 先前已下载!
[2016-10-18 10:54:34] 更新操作
[2016-10-18 10:54:34] 先前已下载!
[2016-10-18 10:54:34] 更新操作
[2016-10-18 10:54:34] 先前已下载!
[2016-10-18 10:54:34] 更新操作
[2016-10-18 10:54:34] 先前已下载!
[2016-10-18 10:54:34] 更新操作
[2016-10-18 10:54:34] 先前已下载!
[2016-10-18 10:54:34] 更新操作
[2016-10-18 10:54:34] 先前已下载!
[2016-10-18 10:54:34] 更新操作
[2016-10-18 10:54:34] 先前已下载!
[2016-10-18 10:54:34] 更新操作
[2016-10-18 10:54:34] 先前已下载!
[2016-10-18 10:54:34] 更新操作
[2016-10-18 10:54:34] 先前已下载!
[2016-10-18 10:54:35] 更新操作
[2016-10-18 10:54:35] 先前已下载!
[2016-10-18 10:54:35] 更新操作
[2016-10-18 10:54:35] 先前已下载!
[2016-10-18 10:54:35] 更新操作
[2016-10-18 10:54:35] 先前已下载!
[2016-10-18 10:54:35] 更新操作
[2016-10-18 10:54:35] 先前已下载!
[2016-10-18 10:54:35] 更新操作
[2016-10-18 10:54:35] 先前已下载!
[2016-10-18 10:54:35] 更新操作
[2016-10-18 10:54:35] 先前已下载!
[2016-10-18 10:54:35] 更新操作
[2016-10-18 10:54:35] 先前已下载!
[2016-10-18 10:54:35] 更新操作
[2016-10-18 10:54:35] 先前已下载!
[2016-10-18 10:54:35] 更新操作
[2016-10-18 10:54:35] 先前已下载!
[2016-10-18 10:54:35] 更新操作
[2016-10-18 10:54:35] 先前已下载!
[2016-10-18 10:54:36] 更新操作
[2016-10-18 10:54:36] 先前已下载!
[2016-10-18 10:54:36] 更新操作
[2016-10-18 10:54:36] 先前已下载!
[2016-10-18 10:54:36] 更新操作
[2016-10-18 10:54:36] 先前已下载!
[2016-10-18 10:54:36] 更新操作
[2016-10-18 10:54:36] 先前已下载!
[2016-10-18 10:54:36] 更新操作
[2016-10-18 10:54:36] 先前已下载!
[2016-10-18 10:54:36] 更新操作
[2016-10-18 10:54:36] 先前已下载!
[2016-10-18 10:54:36] 更新操作
[2016-10-18 10:54:36] 先前已下载!
[2016-10-18 10:54:36] 更新操作
[2016-10-18 10:54:36] 先前已下载!
[2016-10-18 10:54:36] 更新操作
[2016-10-18 10:54:36] 先前已下载!
[2016-10-18 10:54:37] 更新操作
[2016-10-18 10:54:37] 先前已下载!
[2016-10-18 10:54:37] 更新操作
[2016-10-18 10:54:37] 先前已下载!
[2016-10-18 10:54:37] 更新操作
[2016-10-18 10:54:37] 先前已下载!
[2016-10-18 10:54:37] 更新操作
[2016-10-18 10:54:37] 先前已下载!
[2016-10-18 10:54:37] 更新操作
[2016-10-18 10:54:37] 先前已下载!
[2016-10-18 10:54:37] 更新操作
[2016-10-18 10:54:37] 先前已下载!
[2016-10-18 10:54:37] 更新操作
[2016-10-18 10:54:37] 先前已下载!
[2016-10-18 10:54:37] 更新操作
[2016-10-18 10:54:37] 先前已下载!
[2016-10-18 10:54:38] 更新操作
[2016-10-18 10:54:38] 先前已下载!
[2016-10-18 10:54:38] 更新操作
[2016-10-18 10:54:38] 先前已下载!
[2016-10-18 10:54:38] 更新操作
[2016-10-18 10:54:38] 先前已下载!
[2016-10-18 10:54:38] 更新操作
[2016-10-18 10:54:38] 先前已下载!
[2016-10-18 10:54:38] 更新操作
[2016-10-18 10:54:38] 先前已下载!
[2016-10-18 10:54:38] 更新操作
[2016-10-18 10:54:38] 先前已下载!
[2016-10-18 10:54:38] 更新操作
[2016-10-18 10:54:38] 先前已下载!
[2016-10-18 10:54:38] 更新操作
[2016-10-18 10:54:38] 先前已下载!
[2016-10-18 10:54:38] 更新操作
[2016-10-18 10:54:38] 先前已下载!
[2016-10-18 10:54:39] 更新操作
[2016-10-18 10:54:39] 先前已下载!
[2016-10-18 10:54:39] 更新操作
[2016-10-18 10:54:39] 先前已下载!
[2016-10-18 10:54:39] 更新操作
[2016-10-18 10:54:39] 先前已下载!
[2016-10-18 10:54:39] 更新操作
[2016-10-18 10:54:39] 先前已下载!
[2016-10-18 10:54:39] 更新操作
[2016-10-18 10:54:39] 先前已下载!
[2016-10-18 10:54:39] 更新操作
[2016-10-18 10:54:39] 先前已下载!
[2016-10-18 10:54:39] 更新操作
[2016-10-18 10:54:39] 先前已下载!
[2016-10-18 10:54:39] 先前已下载!
[2016-10-18 10:54:40] 先前已下载!
[2016-10-18 10:54:40] 先前已下载!
[2016-10-18 10:54:40] 先前已下载!
[2016-10-18 10:54:40] 先前已下载!
[2016-10-18 10:54:40] 先前已下载!
[2016-10-18 10:54:40] 先前已下载!
[2016-10-18 10:54:40] 先前已下载!
[2016-10-18 10:54:40] 先前已下载!
[2016-10-18 10:54:40] 先前已下载!
[2016-10-18 10:54:41] 先前已下载!
[2016-10-18 10:54:41] 先前已下载!
[2016-10-18 10:54:41] 先前已下载!
[2016-10-18 10:54:41] 先前已下载!
[2016-10-18 10:54:41] 先前已下载!
[2016-10-18 10:54:41] 先前已下载!
[2016-10-18 10:54:42] 先前已下载!
[2016-10-18 10:54:42] 先前已下载!
[2016-10-18 10:54:43] 抢购未开始抓取数量:94
[2016-10-18 10:54:43] 总抓取数量:166
