[2016-09-06 18:27:25] jk的最新任务是T201608251618_102_800003
[2016-09-06 18:27:27] 任务总量:4028
[2016-09-06 18:27:27] 初始化job report.
[2016-09-06 18:27:28] --------------------------------------
[2016-09-06 18:27:28] 下载目标: https://detail.yao.95095.com/item.htm?id=523217353850&skuId=4611686541644741754&cat_id=55114018&rn=18520345136a0a170d7de1ee660766d7&user_id=720248198&is_b=1
[2016-09-06 18:27:28] 已经下载数:0, 5次重试丢弃数0
[2016-09-06 18:27:32] 请求详情.
[2016-09-06 18:27:33] 目标入库.
[2016-09-06 18:27:33] 完成.
[2016-09-06 18:27:33] --------------------------------------
[2016-09-06 18:27:33] 下载目标: https://detail.yao.95095.com/item.htm?id=523074808098&skuId=4611686541502196002&cat_id=55114018&rn=18520345136a0a170d7de1ee660766d7&user_id=720248198&is_b=1
[2016-09-06 18:27:33] 已经下载数:1, 5次重试丢弃数0
[2016-09-06 18:27:37] 请求详情.
[2016-09-06 18:27:37] 目标入库.
[2016-09-06 18:27:37] 完成.
[2016-09-06 18:27:37] --------------------------------------
[2016-09-06 18:27:37] 下载目标: https://detail.yao.95095.com/item.htm?id=525140887937&skuId=4611686543568275841&cat_id=55114018&rn=18520345136a0a170d7de1ee660766d7&user_id=720248198&is_b=1
[2016-09-06 18:27:37] 已经下载数:2, 5次重试丢弃数0
[2016-09-06 18:27:44] 请求详情.
[2016-09-06 18:27:45] 目标入库.
[2016-09-06 18:27:45] 完成.
[2016-09-06 18:27:45] --------------------------------------
[2016-09-06 18:27:45] 下载目标: https://detail.yao.95095.com/item.htm?id=523938656311&skuId=4611686542366044215&cat_id=55114018&rn=18520345136a0a170d7de1ee660766d7&user_id=720248198&is_b=1
[2016-09-06 18:27:45] 已经下载数:3, 5次重试丢弃数0
[2016-09-06 18:27:48] 请求详情.
[2016-09-06 18:27:49] 目标入库.
[2016-09-06 18:27:49] 完成.
[2016-09-06 18:27:49] --------------------------------------
[2016-09-06 18:27:49] 下载目标: https://detail.yao.95095.com/item.htm?id=526044117328&skuId=4611686544471505232&cat_id=55114018&rn=18520345136a0a170d7de1ee660766d7&user_id=720248198&is_b=1
[2016-09-06 18:27:49] 已经下载数:4, 5次重试丢弃数0
[2016-09-06 18:27:52] 请求详情.
[2016-09-06 18:27:52] 目标入库.
[2016-09-06 18:27:52] 完成.
[2016-09-06 18:27:52] --------------------------------------
[2016-09-06 18:27:52] 下载目标: https://detail.yao.95095.com/item.htm?id=524002593561&skuId=4611686542429981465&cat_id=55114018&rn=18520345136a0a170d7de1ee660766d7&user_id=720248198&is_b=1
[2016-09-06 18:27:52] 已经下载数:5, 5次重试丢弃数0
[2016-09-06 18:35:47] jk的最新任务是T201608251618_102_800003
[2016-09-06 18:35:48] 任务总量:4028
[2016-09-06 18:35:48] 初始化job report.
[2016-09-06 18:35:49] --------------------------------------
[2016-09-06 18:35:49] 下载目标: https://detail.yao.95095.com/item.htm?id=523217353850&skuId=4611686541644741754&cat_id=55114018&rn=18520345136a0a170d7de1ee660766d7&user_id=720248198&is_b=1
[2016-09-06 18:35:49] 已经下载数:0, 5次重试丢弃数0
[2016-09-06 18:35:53] 请求详情.
[2016-09-06 18:35:53] 目标入库.
[2016-09-06 18:35:53] --------------------------------------
[2016-09-06 18:35:53] 下载目标: https://detail.yao.95095.com/item.htm?id=523074808098&skuId=4611686541502196002&cat_id=55114018&rn=18520345136a0a170d7de1ee660766d7&user_id=720248198&is_b=1
[2016-09-06 18:35:53] 已经下载数:1, 5次重试丢弃数0
[2016-09-06 18:35:56] 请求详情.
[2016-09-06 18:35:57] 目标入库.
[2016-09-06 18:35:57] --------------------------------------
[2016-09-06 18:35:57] 下载目标: https://detail.yao.95095.com/item.htm?id=525140887937&skuId=4611686543568275841&cat_id=55114018&rn=18520345136a0a170d7de1ee660766d7&user_id=720248198&is_b=1
[2016-09-06 18:35:57] 已经下载数:2, 5次重试丢弃数0
[2016-09-06 18:36:00] 请求详情.
[2016-09-06 18:36:01] 目标入库.
[2016-09-06 18:36:01] --------------------------------------
[2016-09-06 18:36:01] 下载目标: https://detail.yao.95095.com/item.htm?id=523938656311&skuId=4611686542366044215&cat_id=55114018&rn=18520345136a0a170d7de1ee660766d7&user_id=720248198&is_b=1
[2016-09-06 18:36:01] 已经下载数:3, 5次重试丢弃数0
[2016-09-06 18:36:03] 请求详情.
[2016-09-06 18:36:04] 目标入库.
[2016-09-06 18:36:04] --------------------------------------
[2016-09-06 18:36:04] 下载目标: https://detail.yao.95095.com/item.htm?id=526044117328&skuId=4611686544471505232&cat_id=55114018&rn=18520345136a0a170d7de1ee660766d7&user_id=720248198&is_b=1
[2016-09-06 18:36:04] 已经下载数:4, 5次重试丢弃数0
[2016-09-06 18:36:07] 请求详情.
[2016-09-06 18:36:08] 目标入库.
[2016-09-06 18:36:08] --------------------------------------
[2016-09-06 18:36:08] 下载目标: https://detail.yao.95095.com/item.htm?id=524002593561&skuId=4611686542429981465&cat_id=55114018&rn=18520345136a0a170d7de1ee660766d7&user_id=720248198&is_b=1
[2016-09-06 18:36:08] 已经下载数:5, 5次重试丢弃数0
[2016-09-06 18:44:58] jk的最新任务是T201608251618_102_800003
[2016-09-06 18:44:59] 任务总量:4028
[2016-09-06 18:44:59] 初始化job report.
[2016-09-06 18:45:00] --------------------------------------
[2016-09-06 18:45:00] 下载目标: https://detail.yao.95095.com/item.htm?id=523217353850&skuId=4611686541644741754&cat_id=55114018&rn=18520345136a0a170d7de1ee660766d7&user_id=720248198&is_b=1
[2016-09-06 18:45:00] 已经下载数:0, 5次重试丢弃数0
[2016-09-06 18:45:04] 请求详情.
[2016-09-06 18:45:04] 目标入库.
[2016-09-06 18:45:04] --------------------------------------
[2016-09-06 18:45:04] 下载目标: https://detail.yao.95095.com/item.htm?id=523074808098&skuId=4611686541502196002&cat_id=55114018&rn=18520345136a0a170d7de1ee660766d7&user_id=720248198&is_b=1
[2016-09-06 18:45:04] 已经下载数:1, 5次重试丢弃数0
[2016-09-06 18:45:07] 请求详情.
[2016-09-06 18:45:08] 目标入库.
[2016-09-06 18:45:08] --------------------------------------
[2016-09-06 18:45:08] 下载目标: https://detail.yao.95095.com/item.htm?id=525140887937&skuId=4611686543568275841&cat_id=55114018&rn=18520345136a0a170d7de1ee660766d7&user_id=720248198&is_b=1
[2016-09-06 18:45:08] 已经下载数:2, 5次重试丢弃数0
[2016-09-06 18:45:11] 请求详情.
[2016-09-06 18:45:11] 目标入库.
[2016-09-06 18:45:11] --------------------------------------
[2016-09-06 18:45:11] 下载目标: https://detail.yao.95095.com/item.htm?id=523938656311&skuId=4611686542366044215&cat_id=55114018&rn=18520345136a0a170d7de1ee660766d7&user_id=720248198&is_b=1
[2016-09-06 18:45:11] 已经下载数:3, 5次重试丢弃数0
[2016-09-06 19:53:41] jk的最新任务是T201608251618_102_800003
[2016-09-06 19:53:43] 任务总量:4028
[2016-09-06 19:53:43] 初始化job report.
[2016-09-06 19:53:44] --------------------------------------
[2016-09-06 19:53:44] 下载目标: https://detail.yao.95095.com/item.htm?id=523217353850&skuId=4611686541644741754&cat_id=55114018&rn=18520345136a0a170d7de1ee660766d7&user_id=720248198&is_b=1
[2016-09-06 19:53:44] 已经下载数:0, 5次重试丢弃数0
[2016-09-06 19:53:47] 请求详情.
[2016-09-06 19:53:48] 目标入库.
[2016-09-06 19:53:48] --------------------------------------
[2016-09-06 19:53:48] 下载目标: https://detail.yao.95095.com/item.htm?id=523074808098&skuId=4611686541502196002&cat_id=55114018&rn=18520345136a0a170d7de1ee660766d7&user_id=720248198&is_b=1
[2016-09-06 19:53:48] 已经下载数:1, 5次重试丢弃数0
[2016-09-06 19:53:51] 请求详情.
[2016-09-06 19:53:51] 目标入库.
[2016-09-06 19:53:51] --------------------------------------
[2016-09-06 19:53:51] 下载目标: https://detail.yao.95095.com/item.htm?id=525140887937&skuId=4611686543568275841&cat_id=55114018&rn=18520345136a0a170d7de1ee660766d7&user_id=720248198&is_b=1
[2016-09-06 19:53:51] 已经下载数:2, 5次重试丢弃数0
[2016-09-06 19:53:54] 请求详情.
[2016-09-06 19:53:55] 目标入库.
[2016-09-06 19:53:55] --------------------------------------
[2016-09-06 19:53:55] 下载目标: https://detail.yao.95095.com/item.htm?id=523938656311&skuId=4611686542366044215&cat_id=55114018&rn=18520345136a0a170d7de1ee660766d7&user_id=720248198&is_b=1
[2016-09-06 19:53:55] 已经下载数:3, 5次重试丢弃数0
[2016-09-06 19:53:58] 请求详情.
[2016-09-06 19:53:59] 目标入库.
[2016-09-06 19:53:59] --------------------------------------
[2016-09-06 19:53:59] 下载目标: https://detail.yao.95095.com/item.htm?id=526044117328&skuId=4611686544471505232&cat_id=55114018&rn=18520345136a0a170d7de1ee660766d7&user_id=720248198&is_b=1
[2016-09-06 19:53:59] 已经下载数:4, 5次重试丢弃数0
[2016-09-06 19:54:01] 请求详情.
[2016-09-06 19:54:02] 目标入库.
[2016-09-06 19:54:02] --------------------------------------
[2016-09-06 19:54:02] 下载目标: https://detail.yao.95095.com/item.htm?id=524002593561&skuId=4611686542429981465&cat_id=55114018&rn=18520345136a0a170d7de1ee660766d7&user_id=720248198&is_b=1
[2016-09-06 19:54:02] 已经下载数:5, 5次重试丢弃数0
[2016-09-06 19:55:43] jk的最新任务是T201608251618_102_800003
[2016-09-06 19:55:44] 任务总量:4028
[2016-09-06 19:55:44] 初始化job report.
[2016-09-06 19:55:45] --------------------------------------
[2016-09-06 19:55:45] 下载目标: https://detail.yao.95095.com/item.htm?id=523217353850&skuId=4611686541644741754&cat_id=55114018&rn=18520345136a0a170d7de1ee660766d7&user_id=720248198&is_b=1
[2016-09-06 19:55:45] 已经下载数:0, 5次重试丢弃数0
[2016-09-06 19:55:49] 请求详情.
[2016-09-06 19:55:49] 目标入库.
[2016-09-06 19:55:49] --------------------------------------
[2016-09-06 19:55:49] 下载目标: https://detail.yao.95095.com/item.htm?id=523074808098&skuId=4611686541502196002&cat_id=55114018&rn=18520345136a0a170d7de1ee660766d7&user_id=720248198&is_b=1
[2016-09-06 19:55:49] 已经下载数:1, 5次重试丢弃数0
[2016-09-06 19:55:54] 请求详情.
[2016-09-06 19:56:26] jk的最新任务是T201608251618_102_800003
[2016-09-06 19:56:27] 任务总量:4028
[2016-09-06 19:56:27] 初始化job report.
[2016-09-06 19:56:28] --------------------------------------
[2016-09-06 19:56:28] 下载目标: https://detail.yao.95095.com/item.htm?id=523217353850&skuId=4611686541644741754&cat_id=55114018&rn=18520345136a0a170d7de1ee660766d7&user_id=720248198&is_b=1
[2016-09-06 19:56:28] 已经下载数:0, 5次重试丢弃数0
[2016-09-06 19:56:31] 请求详情.
[2016-09-06 19:56:32] 目标入库.
[2016-09-06 19:56:32] --------------------------------------
[2016-09-06 19:56:32] 下载目标: https://detail.yao.95095.com/item.htm?id=523074808098&skuId=4611686541502196002&cat_id=55114018&rn=18520345136a0a170d7de1ee660766d7&user_id=720248198&is_b=1
[2016-09-06 19:56:32] 已经下载数:1, 5次重试丢弃数0
[2016-09-06 19:56:35] 请求详情.
[2016-09-06 19:56:36] 目标入库.
[2016-09-06 19:56:36] --------------------------------------
[2016-09-06 19:56:36] 下载目标: https://detail.yao.95095.com/item.htm?id=525140887937&skuId=4611686543568275841&cat_id=55114018&rn=18520345136a0a170d7de1ee660766d7&user_id=720248198&is_b=1
[2016-09-06 19:56:36] 已经下载数:2, 5次重试丢弃数0
[2016-09-06 19:56:39] 请求详情.
[2016-09-06 19:58:35] jk的最新任务是T201608251618_102_800003
[2016-09-06 19:58:36] 任务总量:4028
[2016-09-06 19:58:36] 初始化job report.
[2016-09-06 19:58:38] --------------------------------------
[2016-09-06 19:58:38] 下载目标: https://detail.yao.95095.com/item.htm?id=523217353850&skuId=4611686541644741754&cat_id=55114018&rn=18520345136a0a170d7de1ee660766d7&user_id=720248198&is_b=1
[2016-09-06 19:58:38] 已经下载数:0, 5次重试丢弃数0
[2016-09-06 19:58:41] 请求详情.
[2016-09-06 19:58:42] 目标入库.
[2016-09-06 19:58:42] --------------------------------------
[2016-09-06 19:58:42] 下载目标: https://detail.yao.95095.com/item.htm?id=523074808098&skuId=4611686541502196002&cat_id=55114018&rn=18520345136a0a170d7de1ee660766d7&user_id=720248198&is_b=1
[2016-09-06 19:58:42] 已经下载数:1, 5次重试丢弃数0
[2016-09-06 19:58:44] 请求详情.
[2016-09-06 19:58:45] 目标入库.
[2016-09-06 19:58:45] --------------------------------------
[2016-09-06 19:58:45] 下载目标: https://detail.yao.95095.com/item.htm?id=525140887937&skuId=4611686543568275841&cat_id=55114018&rn=18520345136a0a170d7de1ee660766d7&user_id=720248198&is_b=1
[2016-09-06 19:58:45] 已经下载数:2, 5次重试丢弃数0
[2016-09-06 19:58:48] 请求详情.
[2016-09-06 19:58:49] 目标入库.
[2016-09-06 19:58:49] --------------------------------------
[2016-09-06 19:58:49] 下载目标: https://detail.yao.95095.com/item.htm?id=523938656311&skuId=4611686542366044215&cat_id=55114018&rn=18520345136a0a170d7de1ee660766d7&user_id=720248198&is_b=1
[2016-09-06 19:58:49] 已经下载数:3, 5次重试丢弃数0
[2016-09-06 20:03:00] jk的最新任务是T201608251618_102_800003
[2016-09-06 20:03:01] 任务总量:4028
[2016-09-06 20:03:01] 初始化job report.
[2016-09-06 20:03:02] --------------------------------------
[2016-09-06 20:03:02] 下载目标: https://detail.yao.95095.com/item.htm?id=523217353850&skuId=4611686541644741754&cat_id=55114018&rn=18520345136a0a170d7de1ee660766d7&user_id=720248198&is_b=1
[2016-09-06 20:03:02] 已经下载数:0, 5次重试丢弃数0
[2016-09-06 20:03:05] 请求详情.
[2016-09-06 20:03:06] 目标入库.
[2016-09-06 20:03:06] --------------------------------------
[2016-09-06 20:03:06] 下载目标: https://detail.yao.95095.com/item.htm?id=523074808098&skuId=4611686541502196002&cat_id=55114018&rn=18520345136a0a170d7de1ee660766d7&user_id=720248198&is_b=1
[2016-09-06 20:03:06] 已经下载数:1, 5次重试丢弃数0
[2016-09-06 20:03:09] 请求详情.
[2016-09-06 20:03:10] 目标入库.
[2016-09-06 20:03:10] --------------------------------------
[2016-09-06 20:03:10] 下载目标: https://detail.yao.95095.com/item.htm?id=525140887937&skuId=4611686543568275841&cat_id=55114018&rn=18520345136a0a170d7de1ee660766d7&user_id=720248198&is_b=1
[2016-09-06 20:03:10] 已经下载数:2, 5次重试丢弃数0
[2016-09-06 20:03:12] 请求详情.
[2016-09-06 20:03:13] 目标入库.
[2016-09-06 20:03:13] --------------------------------------
[2016-09-06 20:03:13] 下载目标: https://detail.yao.95095.com/item.htm?id=523938656311&skuId=4611686542366044215&cat_id=55114018&rn=18520345136a0a170d7de1ee660766d7&user_id=720248198&is_b=1
[2016-09-06 20:03:13] 已经下载数:3, 5次重试丢弃数0
[2016-09-06 20:04:22] jk的最新任务是T201608251618_102_800003
[2016-09-06 20:04:23] 任务总量:4028
[2016-09-06 20:04:23] 初始化job report.
[2016-09-06 20:04:24] --------------------------------------
[2016-09-06 20:04:24] 下载目标: https://detail.yao.95095.com/item.htm?id=523217353850&skuId=4611686541644741754&cat_id=55114018&rn=18520345136a0a170d7de1ee660766d7&user_id=720248198&is_b=1
[2016-09-06 20:04:24] 已经下载数:0, 5次重试丢弃数0
[2016-09-06 20:04:28] 请求详情.
[2016-09-06 20:04:28] 目标入库.
[2016-09-06 20:04:28] --------------------------------------
[2016-09-06 20:04:28] 下载目标: https://detail.yao.95095.com/item.htm?id=523074808098&skuId=4611686541502196002&cat_id=55114018&rn=18520345136a0a170d7de1ee660766d7&user_id=720248198&is_b=1
[2016-09-06 20:04:28] 已经下载数:1, 5次重试丢弃数0
[2016-09-06 20:04:31] 请求详情.
[2016-09-06 20:04:32] 目标入库.
[2016-09-06 20:04:32] --------------------------------------
[2016-09-06 20:04:32] 下载目标: https://detail.yao.95095.com/item.htm?id=525140887937&skuId=4611686543568275841&cat_id=55114018&rn=18520345136a0a170d7de1ee660766d7&user_id=720248198&is_b=1
[2016-09-06 20:04:32] 已经下载数:2, 5次重试丢弃数0
[2016-09-06 20:04:35] 请求详情.
[2016-09-06 20:04:36] 目标入库.
[2016-09-06 20:04:36] --------------------------------------
[2016-09-06 20:04:36] 下载目标: https://detail.yao.95095.com/item.htm?id=523938656311&skuId=4611686542366044215&cat_id=55114018&rn=18520345136a0a170d7de1ee660766d7&user_id=720248198&is_b=1
[2016-09-06 20:04:36] 已经下载数:3, 5次重试丢弃数0
[2016-09-06 20:04:39] 请求详情.
[2016-09-06 20:04:39] 目标入库.
[2016-09-06 20:04:39] --------------------------------------
[2016-09-06 20:04:39] 下载目标: https://detail.yao.95095.com/item.htm?id=526044117328&skuId=4611686544471505232&cat_id=55114018&rn=18520345136a0a170d7de1ee660766d7&user_id=720248198&is_b=1
[2016-09-06 20:04:39] 已经下载数:4, 5次重试丢弃数0
[2016-09-06 20:04:42] 请求详情.
[2016-09-06 20:04:43] 目标入库.
[2016-09-06 20:04:43] --------------------------------------
[2016-09-06 20:04:43] 下载目标: https://detail.yao.95095.com/item.htm?id=524002593561&skuId=4611686542429981465&cat_id=55114018&rn=18520345136a0a170d7de1ee660766d7&user_id=720248198&is_b=1
[2016-09-06 20:04:43] 已经下载数:5, 5次重试丢弃数0
[2016-09-06 20:04:46] 请求详情.
[2016-09-06 20:04:47] 目标入库.
[2016-09-06 20:04:47] --------------------------------------
[2016-09-06 20:04:47] 下载目标: https://detail.yao.95095.com/item.htm?id=523185748083&skuId=4611686541613135987&cat_id=55114018&rn=18520345136a0a170d7de1ee660766d7&user_id=720248198&is_b=1
[2016-09-06 20:04:47] 已经下载数:6, 5次重试丢弃数0
[2016-09-06 20:08:05] jk的最新任务是T201608251618_102_800003
[2016-09-06 20:08:06] 任务总量:4028
[2016-09-06 20:08:06] 初始化job report.
[2016-09-06 20:08:07] --------------------------------------
[2016-09-06 20:08:07] 下载目标: https://detail.yao.95095.com/item.htm?id=523217353850&skuId=4611686541644741754&cat_id=55114018&rn=18520345136a0a170d7de1ee660766d7&user_id=720248198&is_b=1
[2016-09-06 20:08:07] 已经下载数:0, 5次重试丢弃数0
[2016-09-06 20:08:11] 请求详情.
[2016-09-06 20:08:11] 目标入库.
[2016-09-06 20:08:11] --------------------------------------
[2016-09-06 20:08:11] 下载目标: https://detail.yao.95095.com/item.htm?id=523074808098&skuId=4611686541502196002&cat_id=55114018&rn=18520345136a0a170d7de1ee660766d7&user_id=720248198&is_b=1
[2016-09-06 20:08:11] 已经下载数:1, 5次重试丢弃数0
[2016-09-06 20:08:14] 请求详情.
[2016-09-06 20:08:15] 目标入库.
[2016-09-06 20:08:15] --------------------------------------
[2016-09-06 20:08:15] 下载目标: https://detail.yao.95095.com/item.htm?id=525140887937&skuId=4611686543568275841&cat_id=55114018&rn=18520345136a0a170d7de1ee660766d7&user_id=720248198&is_b=1
[2016-09-06 20:08:15] 已经下载数:2, 5次重试丢弃数0
[2016-09-06 20:10:57] jk的最新任务是T201608251618_102_800003
[2016-09-06 20:10:58] 任务总量:4028
[2016-09-06 20:10:58] 初始化job report.
[2016-09-06 20:10:59] --------------------------------------
[2016-09-06 20:10:59] 下载目标: https://detail.yao.95095.com/item.htm?id=523217353850&skuId=4611686541644741754&cat_id=55114018&rn=18520345136a0a170d7de1ee660766d7&user_id=720248198&is_b=1
[2016-09-06 20:10:59] 已经下载数:0, 5次重试丢弃数0
[2016-09-06 20:11:02] 请求详情.
[2016-09-06 20:11:03] 目标入库.
[2016-09-06 20:11:03] --------------------------------------
[2016-09-06 20:11:03] 下载目标: https://detail.yao.95095.com/item.htm?id=523074808098&skuId=4611686541502196002&cat_id=55114018&rn=18520345136a0a170d7de1ee660766d7&user_id=720248198&is_b=1
[2016-09-06 20:11:03] 已经下载数:1, 5次重试丢弃数0
[2016-09-06 20:11:06] 请求详情.
[2016-09-06 20:11:07] 目标入库.
[2016-09-06 20:11:07] --------------------------------------
[2016-09-06 20:11:07] 下载目标: https://detail.yao.95095.com/item.htm?id=525140887937&skuId=4611686543568275841&cat_id=55114018&rn=18520345136a0a170d7de1ee660766d7&user_id=720248198&is_b=1
[2016-09-06 20:11:07] 已经下载数:2, 5次重试丢弃数0
[2016-09-06 20:14:51] jk的最新任务是T201608251618_102_800003
[2016-09-06 20:14:52] 任务总量:4028
[2016-09-06 20:14:52] 初始化job report.
[2016-09-06 20:14:53] --------------------------------------
[2016-09-06 20:14:53] 下载目标: https://detail.yao.95095.com/item.htm?id=523217353850&skuId=4611686541644741754&cat_id=55114018&rn=18520345136a0a170d7de1ee660766d7&user_id=720248198&is_b=1
[2016-09-06 20:14:53] 已经下载数:0, 5次重试丢弃数0
[2016-09-06 20:14:56] 请求详情.
[2016-09-06 20:14:57] 目标入库.
[2016-09-06 20:14:57] --------------------------------------
[2016-09-06 20:14:57] 下载目标: https://detail.yao.95095.com/item.htm?id=523074808098&skuId=4611686541502196002&cat_id=55114018&rn=18520345136a0a170d7de1ee660766d7&user_id=720248198&is_b=1
[2016-09-06 20:14:57] 已经下载数:1, 5次重试丢弃数0
[2016-09-06 20:15:00] 请求详情.
[2016-09-06 20:15:01] 目标入库.
[2016-09-06 20:15:01] --------------------------------------
[2016-09-06 20:15:01] 下载目标: https://detail.yao.95095.com/item.htm?id=525140887937&skuId=4611686543568275841&cat_id=55114018&rn=18520345136a0a170d7de1ee660766d7&user_id=720248198&is_b=1
[2016-09-06 20:15:01] 已经下载数:2, 5次重试丢弃数0
[2016-09-06 20:15:33] jk的最新任务是T201608251618_102_800003
[2016-09-06 20:15:34] 任务总量:4028
[2016-09-06 20:15:34] 初始化job report.
[2016-09-06 20:15:35] --------------------------------------
[2016-09-06 20:15:35] 下载目标: https://detail.yao.95095.com/item.htm?id=523217353850&skuId=4611686541644741754&cat_id=55114018&rn=18520345136a0a170d7de1ee660766d7&user_id=720248198&is_b=1
[2016-09-06 20:15:35] 已经下载数:0, 5次重试丢弃数0
[2016-09-06 20:15:38] 请求详情.
[2016-09-06 20:15:39] 目标入库.
[2016-09-06 20:15:39] 完成.
[2016-09-06 20:15:39] --------------------------------------
[2016-09-06 20:15:39] 下载目标: https://detail.yao.95095.com/item.htm?id=523074808098&skuId=4611686541502196002&cat_id=55114018&rn=18520345136a0a170d7de1ee660766d7&user_id=720248198&is_b=1
[2016-09-06 20:15:39] 已经下载数:1, 5次重试丢弃数0
[2016-09-06 20:15:42] 请求详情.
[2016-09-06 20:15:43] 目标入库.
[2016-09-06 20:15:43] 完成.
[2016-09-06 20:15:43] --------------------------------------
[2016-09-06 20:15:43] 下载目标: https://detail.yao.95095.com/item.htm?id=525140887937&skuId=4611686543568275841&cat_id=55114018&rn=18520345136a0a170d7de1ee660766d7&user_id=720248198&is_b=1
[2016-09-06 20:15:43] 已经下载数:2, 5次重试丢弃数0
[2016-09-06 20:15:46] 请求详情.
[2016-09-06 20:15:46] 目标入库.
[2016-09-06 20:15:46] 完成.
[2016-09-06 20:15:46] --------------------------------------
[2016-09-06 20:15:46] 下载目标: https://detail.yao.95095.com/item.htm?id=523938656311&skuId=4611686542366044215&cat_id=55114018&rn=18520345136a0a170d7de1ee660766d7&user_id=720248198&is_b=1
[2016-09-06 20:15:46] 已经下载数:3, 5次重试丢弃数0
[2016-09-06 20:15:47] --------------------------------------
[2016-09-06 20:15:47] 下载目标: https://detail.yao.95095.com/item.htm?id=526044117328&skuId=4611686544471505232&cat_id=55114018&rn=18520345136a0a170d7de1ee660766d7&user_id=720248198&is_b=1
[2016-09-06 20:15:47] 已经下载数:3, 5次重试丢弃数0
[2016-09-06 20:15:47] --------------------------------------
[2016-09-06 20:15:47] 下载目标: https://detail.yao.95095.com/item.htm?id=524002593561&skuId=4611686542429981465&cat_id=55114018&rn=18520345136a0a170d7de1ee660766d7&user_id=720248198&is_b=1
[2016-09-06 20:15:47] 已经下载数:3, 5次重试丢弃数0
[2016-09-06 20:15:50] 请求详情.
[2016-09-06 20:15:51] 目标入库.
[2016-09-06 20:15:51] 完成.
[2016-09-06 20:15:51] --------------------------------------
[2016-09-06 20:15:51] 下载目标: https://detail.yao.95095.com/item.htm?id=523185748083&skuId=4611686541613135987&cat_id=55114018&rn=18520345136a0a170d7de1ee660766d7&user_id=720248198&is_b=1
[2016-09-06 20:15:51] 已经下载数:4, 5次重试丢弃数0
[2016-09-06 20:15:54] 请求详情.
[2016-09-06 20:23:41] jk的最新任务是T201608251618_102_800003
[2016-09-06 20:23:42] 任务总量:4028
[2016-09-06 20:23:42] 初始化job report.
[2016-09-06 20:23:43] --------------------------------------
[2016-09-06 20:23:43] 下载目标: https://detail.yao.95095.com/item.htm?id=523217353850&skuId=4611686541644741754&cat_id=55114018&rn=18520345136a0a170d7de1ee660766d7&user_id=720248198&is_b=1
[2016-09-06 20:23:43] 已经下载数:0, 5次重试丢弃数0
[2016-09-06 20:23:46] --------------------------------------
[2016-09-06 20:23:46] 下载目标: https://detail.yao.95095.com/item.htm?id=523074808098&skuId=4611686541502196002&cat_id=55114018&rn=18520345136a0a170d7de1ee660766d7&user_id=720248198&is_b=1
[2016-09-06 20:23:46] 已经下载数:0, 5次重试丢弃数0
[2016-09-06 20:23:49] --------------------------------------
[2016-09-06 20:23:49] 下载目标: https://detail.yao.95095.com/item.htm?id=525140887937&skuId=4611686543568275841&cat_id=55114018&rn=18520345136a0a170d7de1ee660766d7&user_id=720248198&is_b=1
[2016-09-06 20:23:49] 已经下载数:0, 5次重试丢弃数0
[2016-09-06 20:23:52] --------------------------------------
[2016-09-06 20:23:52] 下载目标: https://detail.yao.95095.com/item.htm?id=523938656311&skuId=4611686542366044215&cat_id=55114018&rn=18520345136a0a170d7de1ee660766d7&user_id=720248198&is_b=1
[2016-09-06 20:23:52] 已经下载数:0, 5次重试丢弃数0
[2016-09-06 20:23:55] --------------------------------------
[2016-09-06 20:23:55] 下载目标: https://detail.yao.95095.com/item.htm?id=526044117328&skuId=4611686544471505232&cat_id=55114018&rn=18520345136a0a170d7de1ee660766d7&user_id=720248198&is_b=1
[2016-09-06 20:23:55] 已经下载数:0, 5次重试丢弃数0
[2016-09-06 20:23:58] --------------------------------------
[2016-09-06 20:23:58] 下载目标: https://detail.yao.95095.com/item.htm?id=524002593561&skuId=4611686542429981465&cat_id=55114018&rn=18520345136a0a170d7de1ee660766d7&user_id=720248198&is_b=1
[2016-09-06 20:23:58] 已经下载数:0, 5次重试丢弃数0
[2016-09-06 20:24:01] --------------------------------------
[2016-09-06 20:24:01] 下载目标: https://detail.yao.95095.com/item.htm?id=523185748083&skuId=4611686541613135987&cat_id=55114018&rn=18520345136a0a170d7de1ee660766d7&user_id=720248198&is_b=1
[2016-09-06 20:24:01] 已经下载数:0, 5次重试丢弃数0
[2016-09-06 20:24:03] --------------------------------------
[2016-09-06 20:24:03] 下载目标: https://detail.yao.95095.com/item.htm?id=523020239624&skuId=4611686541447627528&cat_id=55114018&rn=18520345136a0a170d7de1ee660766d7&user_id=720248198&is_b=1
[2016-09-06 20:24:03] 已经下载数:0, 5次重试丢弃数0
[2016-09-06 20:24:06] --------------------------------------
[2016-09-06 20:24:06] 下载目标: https://detail.yao.95095.com/item.htm?id=523238770045&skuId=4611686541666157949&cat_id=55114018&rn=18520345136a0a170d7de1ee660766d7&user_id=720248198&is_b=1
[2016-09-06 20:24:06] 已经下载数:0, 5次重试丢弃数0
[2016-09-06 20:24:09] --------------------------------------
[2016-09-06 20:24:09] 下载目标: https://detail.yao.95095.com/item.htm?id=523183247629&skuId=4611686541610635533&cat_id=55114018&rn=18520345136a0a170d7de1ee660766d7&user_id=720248198&is_b=1
[2016-09-06 20:24:09] 已经下载数:0, 5次重试丢弃数0
[2016-09-06 20:24:12] --------------------------------------
[2016-09-06 20:24:12] 下载目标: https://detail.yao.95095.com/item.htm?id=525164096191&skuId=4611686543591484095&cat_id=55114018&rn=18520345136a0a170d7de1ee660766d7&user_id=720248198&is_b=1
[2016-09-06 20:24:12] 已经下载数:0, 5次重试丢弃数0
[2016-09-06 20:24:14] --------------------------------------
[2016-09-06 20:24:14] 下载目标: https://detail.yao.95095.com/item.htm?id=523214579412&skuId=4611686541641967316&cat_id=55114018&rn=18520345136a0a170d7de1ee660766d7&user_id=720248198&is_b=1
[2016-09-06 20:24:14] 已经下载数:0, 5次重试丢弃数0
[2016-09-06 20:24:17] --------------------------------------
[2016-09-06 20:24:21] 下载目标: https://detail.yao.95095.com/item.htm?id=523163255022&skuId=4611686541590642926&cat_id=55114018&rn=18520345136a0a170d7de1ee660766d7&user_id=720248198&is_b=1
[2016-09-06 20:24:21] 已经下载数:0, 5次重试丢弃数0
[2016-09-06 20:24:24] --------------------------------------
[2016-09-06 20:24:24] 下载目标: https://detail.yao.95095.com/item.htm?id=523192015134&skuId=4611686541619403038&cat_id=55114018&rn=18520345136a0a170d7de1ee660766d7&user_id=720248198&is_b=1
[2016-09-06 20:24:24] 已经下载数:0, 5次重试丢弃数0
[2016-09-06 20:24:27] --------------------------------------
[2016-09-06 20:24:27] 下载目标: https://detail.yao.95095.com/item.htm?id=526269215219&skuId=4611686544696603123&cat_id=55114018&rn=18520345136a0a170d7de1ee660766d7&user_id=720248198&is_b=1
[2016-09-06 20:24:27] 已经下载数:0, 5次重试丢弃数0
[2016-09-06 20:25:22] jk的最新任务是T201608251618_102_800003
[2016-09-06 20:25:23] 任务总量:4028
[2016-09-06 20:25:23] 初始化job report.
[2016-09-06 20:25:24] --------------------------------------
[2016-09-06 20:25:24] 下载目标: https://detail.yao.95095.com/item.htm?id=523217353850&skuId=4611686541644741754&cat_id=55114018&rn=18520345136a0a170d7de1ee660766d7&user_id=720248198&is_b=1
[2016-09-06 20:25:24] 已经下载数:0, 5次重试丢弃数0
[2016-09-06 20:25:28] --------------------------------------
[2016-09-06 20:25:28] 下载目标: https://detail.yao.95095.com/item.htm?id=523074808098&skuId=4611686541502196002&cat_id=55114018&rn=18520345136a0a170d7de1ee660766d7&user_id=720248198&is_b=1
[2016-09-06 20:25:28] 已经下载数:0, 5次重试丢弃数0
[2016-09-06 20:25:30] --------------------------------------
[2016-09-06 20:25:30] 下载目标: https://detail.yao.95095.com/item.htm?id=525140887937&skuId=4611686543568275841&cat_id=55114018&rn=18520345136a0a170d7de1ee660766d7&user_id=720248198&is_b=1
[2016-09-06 20:25:30] 已经下载数:0, 5次重试丢弃数0
[2016-09-06 20:25:33] --------------------------------------
[2016-09-06 20:25:33] 下载目标: https://detail.yao.95095.com/item.htm?id=523938656311&skuId=4611686542366044215&cat_id=55114018&rn=18520345136a0a170d7de1ee660766d7&user_id=720248198&is_b=1
[2016-09-06 20:25:33] 已经下载数:0, 5次重试丢弃数0
[2016-09-06 20:25:36] --------------------------------------
[2016-09-06 20:25:36] 下载目标: https://detail.yao.95095.com/item.htm?id=526044117328&skuId=4611686544471505232&cat_id=55114018&rn=18520345136a0a170d7de1ee660766d7&user_id=720248198&is_b=1
[2016-09-06 20:25:36] 已经下载数:0, 5次重试丢弃数0
[2016-09-06 20:26:04] jk的最新任务是T201608251618_102_800003
[2016-09-06 20:26:05] 任务总量:4028
[2016-09-06 20:26:05] 初始化job report.
[2016-09-06 20:26:07] --------------------------------------
[2016-09-06 20:26:07] 下载目标: https://detail.yao.95095.com/item.htm?id=523217353850&skuId=4611686541644741754&cat_id=55114018&rn=18520345136a0a170d7de1ee660766d7&user_id=720248198&is_b=1
[2016-09-06 20:26:07] 已经下载数:0, 5次重试丢弃数0
[2016-09-06 20:26:10] --------------------------------------
[2016-09-06 20:26:10] 下载目标: https://detail.yao.95095.com/item.htm?id=523074808098&skuId=4611686541502196002&cat_id=55114018&rn=18520345136a0a170d7de1ee660766d7&user_id=720248198&is_b=1
[2016-09-06 20:26:10] 已经下载数:0, 5次重试丢弃数0
[2016-09-06 20:26:13] --------------------------------------
[2016-09-06 20:26:13] 下载目标: https://detail.yao.95095.com/item.htm?id=525140887937&skuId=4611686543568275841&cat_id=55114018&rn=18520345136a0a170d7de1ee660766d7&user_id=720248198&is_b=1
[2016-09-06 20:26:13] 已经下载数:0, 5次重试丢弃数0
[2016-09-06 20:26:15] --------------------------------------
[2016-09-06 20:26:15] 下载目标: https://detail.yao.95095.com/item.htm?id=523938656311&skuId=4611686542366044215&cat_id=55114018&rn=18520345136a0a170d7de1ee660766d7&user_id=720248198&is_b=1
[2016-09-06 20:26:15] 已经下载数:0, 5次重试丢弃数0
[2016-09-06 20:26:18] --------------------------------------
[2016-09-06 20:26:18] 下载目标: https://detail.yao.95095.com/item.htm?id=526044117328&skuId=4611686544471505232&cat_id=55114018&rn=18520345136a0a170d7de1ee660766d7&user_id=720248198&is_b=1
[2016-09-06 20:26:18] 已经下载数:0, 5次重试丢弃数0
[2016-09-06 20:26:21] --------------------------------------
[2016-09-06 20:26:21] 下载目标: https://detail.yao.95095.com/item.htm?id=524002593561&skuId=4611686542429981465&cat_id=55114018&rn=18520345136a0a170d7de1ee660766d7&user_id=720248198&is_b=1
[2016-09-06 20:26:21] 已经下载数:0, 5次重试丢弃数0
[2016-09-06 20:26:24] --------------------------------------
[2016-09-06 20:26:24] 下载目标: https://detail.yao.95095.com/item.htm?id=523185748083&skuId=4611686541613135987&cat_id=55114018&rn=18520345136a0a170d7de1ee660766d7&user_id=720248198&is_b=1
[2016-09-06 20:26:24] 已经下载数:0, 5次重试丢弃数0
[2016-09-06 20:26:26] --------------------------------------
[2016-09-06 20:26:26] 下载目标: https://detail.yao.95095.com/item.htm?id=523020239624&skuId=4611686541447627528&cat_id=55114018&rn=18520345136a0a170d7de1ee660766d7&user_id=720248198&is_b=1
[2016-09-06 20:26:26] 已经下载数:0, 5次重试丢弃数0
[2016-09-06 20:26:29] --------------------------------------
[2016-09-06 20:26:29] 下载目标: https://detail.yao.95095.com/item.htm?id=523238770045&skuId=4611686541666157949&cat_id=55114018&rn=18520345136a0a170d7de1ee660766d7&user_id=720248198&is_b=1
[2016-09-06 20:26:29] 已经下载数:0, 5次重试丢弃数0
[2016-09-06 20:26:32] --------------------------------------
[2016-09-06 20:26:32] 下载目标: https://detail.yao.95095.com/item.htm?id=523183247629&skuId=4611686541610635533&cat_id=55114018&rn=18520345136a0a170d7de1ee660766d7&user_id=720248198&is_b=1
[2016-09-06 20:26:32] 已经下载数:0, 5次重试丢弃数0
[2016-09-06 20:26:35] --------------------------------------
[2016-09-06 20:26:35] 下载目标: https://detail.yao.95095.com/item.htm?id=525164096191&skuId=4611686543591484095&cat_id=55114018&rn=18520345136a0a170d7de1ee660766d7&user_id=720248198&is_b=1
[2016-09-06 20:26:35] 已经下载数:0, 5次重试丢弃数0
[2016-09-06 20:26:37] --------------------------------------
[2016-09-06 20:26:37] 下载目标: https://detail.yao.95095.com/item.htm?id=523214579412&skuId=4611686541641967316&cat_id=55114018&rn=18520345136a0a170d7de1ee660766d7&user_id=720248198&is_b=1
[2016-09-06 20:26:37] 已经下载数:0, 5次重试丢弃数0
[2016-09-06 20:26:40] --------------------------------------
[2016-09-06 20:26:40] 下载目标: https://detail.yao.95095.com/item.htm?id=523163255022&skuId=4611686541590642926&cat_id=55114018&rn=18520345136a0a170d7de1ee660766d7&user_id=720248198&is_b=1
[2016-09-06 20:26:40] 已经下载数:0, 5次重试丢弃数0
[2016-09-06 20:26:43] --------------------------------------
[2016-09-06 20:26:43] 下载目标: https://detail.yao.95095.com/item.htm?id=523192015134&skuId=4611686541619403038&cat_id=55114018&rn=18520345136a0a170d7de1ee660766d7&user_id=720248198&is_b=1
[2016-09-06 20:26:43] 已经下载数:0, 5次重试丢弃数0
[2016-09-06 20:26:46] --------------------------------------
[2016-09-06 20:26:46] 下载目标: https://detail.yao.95095.com/item.htm?id=526269215219&skuId=4611686544696603123&cat_id=55114018&rn=18520345136a0a170d7de1ee660766d7&user_id=720248198&is_b=1
[2016-09-06 20:26:46] 已经下载数:0, 5次重试丢弃数0
[2016-09-06 20:26:49] --------------------------------------
[2016-09-06 20:26:49] 下载目标: https://detail.yao.95095.com/item.htm?id=523062683848&skuId=4611686541490071752&cat_id=55114018&rn=18520345136a0a170d7de1ee660766d7&user_id=720248198&is_b=1
[2016-09-06 20:26:49] 已经下载数:0, 5次重试丢弃数0
[2016-09-06 20:26:51] --------------------------------------
[2016-09-06 20:26:51] 下载目标: https://detail.yao.95095.com/item.htm?id=523971635892&skuId=4611686542399023796&cat_id=55114018&rn=18520345136a0a170d7de1ee660766d7&user_id=720248198&is_b=1
[2016-09-06 20:26:51] 已经下载数:0, 5次重试丢弃数0
[2016-09-06 20:26:54] --------------------------------------
[2016-09-06 20:26:54] 下载目标: https://detail.yao.95095.com/item.htm?id=527653001046&skuId=4611686546080388950&cat_id=55114018&rn=18520345136a0a170d7de1ee660766d7&user_id=720248198&is_b=1
[2016-09-06 20:26:54] 已经下载数:0, 5次重试丢弃数0
[2016-09-06 20:26:57] --------------------------------------
[2016-09-06 20:26:57] 下载目标: https://detail.yao.95095.com/item.htm?id=523028191894&skuId=4611686541455579798&cat_id=55114018&rn=18520345136a0a170d7de1ee660766d7&user_id=720248198&is_b=1
[2016-09-06 20:26:57] 已经下载数:0, 5次重试丢弃数0
[2016-09-06 20:27:00] --------------------------------------
[2016-09-06 20:27:00] 下载目标: https://detail.yao.95095.com/item.htm?id=523941067858&skuId=4611686542368455762&cat_id=55114018&rn=18520345136a0a170d7de1ee660766d7&user_id=720248198&is_b=1
[2016-09-06 20:27:00] 已经下载数:0, 5次重试丢弃数0
[2016-09-06 20:27:04] --------------------------------------
[2016-09-06 20:27:04] 下载目标: https://detail.yao.95095.com/item.htm?id=523963989901&skuId=4611686542391377805&cat_id=55114018&rn=18520345136a0a170d7de1ee660766d7&user_id=720248198&is_b=1
[2016-09-06 20:27:04] 已经下载数:0, 5次重试丢弃数0
[2016-09-06 20:27:06] --------------------------------------
[2016-09-06 20:27:06] 下载目标: https://detail.yao.95095.com/item.htm?id=523083790013&skuId=4611686541511177917&cat_id=55114018&rn=18520345136a0a170d7de1ee660766d7&user_id=720248198&is_b=1
[2016-09-06 20:27:06] 已经下载数:0, 5次重试丢弃数0
[2016-09-06 20:27:09] --------------------------------------
[2016-09-06 20:27:09] 下载目标: https://detail.yao.95095.com/item.htm?id=523962289591&skuId=4611686542389677495&cat_id=55114018&rn=18520345136a0a170d7de1ee660766d7&user_id=720248198&is_b=1
[2016-09-06 20:27:09] 已经下载数:0, 5次重试丢弃数0
[2016-09-06 20:27:12] --------------------------------------
[2016-09-06 20:27:12] 下载目标: https://detail.yao.95095.com/item.htm?id=523070337491&skuId=4611686541497725395&cat_id=55114018&rn=18520345136a0a170d7de1ee660766d7&user_id=720248198&is_b=1
[2016-09-06 20:27:12] 已经下载数:0, 5次重试丢弃数0
[2016-09-06 20:27:15] --------------------------------------
[2016-09-06 20:27:15] 下载目标: https://detail.yao.95095.com/item.htm?id=523098197715&skuId=4611686541525585619&cat_id=55114018&rn=18520345136a0a170d7de1ee660766d7&user_id=720248198&is_b=1
[2016-09-06 20:27:15] 已经下载数:0, 5次重试丢弃数0
[2016-09-06 20:27:17] --------------------------------------
[2016-09-06 20:27:17] 下载目标: https://detail.yao.95095.com/item.htm?id=523164743557&skuId=4611686541592131461&cat_id=55114018&rn=18520345136a0a170d7de1ee660766d7&user_id=720248198&is_b=1
[2016-09-06 20:27:17] 已经下载数:0, 5次重试丢弃数0
[2016-09-06 20:27:21] --------------------------------------
[2016-09-06 20:27:21] 下载目标: https://detail.yao.95095.com/item.htm?id=523138775023&skuId=4611686541566162927&cat_id=55114018&rn=18520345136a0a170d7de1ee660766d7&user_id=720248198&is_b=1
[2016-09-06 20:27:21] 已经下载数:0, 5次重试丢弃数0
[2016-09-06 20:27:23] --------------------------------------
[2016-09-06 20:27:23] 下载目标: https://detail.yao.95095.com/item.htm?id=525407484807&skuId=4611686543834872711&cat_id=55114018&rn=18520345136a0a170d7de1ee660766d7&user_id=720248198&is_b=1
[2016-09-06 20:27:23] 已经下载数:0, 5次重试丢弃数0
[2016-09-06 20:27:26] --------------------------------------
[2016-09-06 20:27:26] 下载目标: https://detail.yao.95095.com/item.htm?id=523019595550&skuId=4611686541446983454&cat_id=55114018&rn=18520345136a0a170d7de1ee660766d7&user_id=720248198&is_b=1
[2016-09-06 20:27:26] 已经下载数:0, 5次重试丢弃数0
[2016-09-06 20:27:29] --------------------------------------
[2016-09-06 20:27:29] 下载目标: https://detail.yao.95095.com/item.htm?id=527173868042&skuId=4611686545601255946&cat_id=55114018&rn=18520345136a0a170d7de1ee660766d7&user_id=720248198&is_b=1
[2016-09-06 20:27:29] 已经下载数:0, 5次重试丢弃数0
[2016-09-06 20:27:32] --------------------------------------
[2016-09-06 20:27:32] 下载目标: https://detail.yao.95095.com/item.htm?id=523154163596&skuId=4611686541581551500&cat_id=55114018&rn=18520345136a0a170d7de1ee660766d7&user_id=720248198&is_b=1
[2016-09-06 20:27:32] 已经下载数:0, 5次重试丢弃数0
[2016-09-06 20:27:34] --------------------------------------
[2016-09-06 20:27:34] 下载目标: https://detail.yao.95095.com/item.htm?id=523925507821&skuId=4611686542352895725&cat_id=55114018&rn=18520345136a0a170d7de1ee660766d7&user_id=720248198&is_b=1
[2016-09-06 20:27:34] 已经下载数:0, 5次重试丢弃数0
[2016-09-06 20:27:37] --------------------------------------
[2016-09-06 20:27:37] 下载目标: https://detail.yao.95095.com/item.htm?id=523930826451&skuId=4611686542358214355&cat_id=55114018&rn=18520345136a0a170d7de1ee660766d7&user_id=720248198&is_b=1
[2016-09-06 20:27:37] 已经下载数:0, 5次重试丢弃数0
[2016-09-06 20:27:40] --------------------------------------
[2016-09-06 20:27:40] 下载目标: https://detail.yao.95095.com/item.htm?id=523165477672&skuId=4611686541592865576&cat_id=55114018&rn=18520345136a0a170d7de1ee660766d7&user_id=720248198&is_b=1
[2016-09-06 20:27:40] 已经下载数:0, 5次重试丢弃数0
[2016-09-06 20:27:43] --------------------------------------
[2016-09-06 20:27:43] 下载目标: https://detail.yao.95095.com/item.htm?id=523910016755&skuId=4611686542337404659&cat_id=55114018&rn=18520345136a0a170d7de1ee660766d7&user_id=720248198&is_b=1
[2016-09-06 20:27:43] 已经下载数:0, 5次重试丢弃数0
[2016-09-06 20:27:45] --------------------------------------
[2016-09-06 20:27:45] 下载目标: https://detail.yao.95095.com/item.htm?id=523148754588&skuId=4611686541576142492&cat_id=55114018&rn=18520345136a0a170d7de1ee660766d7&user_id=720248198&is_b=1
[2016-09-06 20:27:45] 已经下载数:0, 5次重试丢弃数0
[2016-09-06 20:27:59] jk的最新任务是T201608251618_102_800003
[2016-09-06 20:28:00] 任务总量:4028
[2016-09-06 20:28:00] 初始化job report.
[2016-09-06 20:28:02] --------------------------------------
[2016-09-06 20:28:02] 下载目标: https://detail.yao.95095.com/item.htm?id=523217353850&skuId=4611686541644741754&cat_id=55114018&rn=18520345136a0a170d7de1ee660766d7&user_id=720248198&is_b=1
[2016-09-06 20:28:02] 已经下载数:0, 5次重试丢弃数0
[2016-09-06 20:28:05] --------------------------------------
[2016-09-06 20:28:05] 下载目标: https://detail.yao.95095.com/item.htm?id=523074808098&skuId=4611686541502196002&cat_id=55114018&rn=18520345136a0a170d7de1ee660766d7&user_id=720248198&is_b=1
[2016-09-06 20:28:05] 已经下载数:0, 5次重试丢弃数0
[2016-09-06 20:28:08] --------------------------------------
[2016-09-06 20:28:08] 下载目标: https://detail.yao.95095.com/item.htm?id=525140887937&skuId=4611686543568275841&cat_id=55114018&rn=18520345136a0a170d7de1ee660766d7&user_id=720248198&is_b=1
[2016-09-06 20:28:08] 已经下载数:0, 5次重试丢弃数0
[2016-09-06 20:28:10] --------------------------------------
[2016-09-06 20:28:10] 下载目标: https://detail.yao.95095.com/item.htm?id=523938656311&skuId=4611686542366044215&cat_id=55114018&rn=18520345136a0a170d7de1ee660766d7&user_id=720248198&is_b=1
[2016-09-06 20:28:10] 已经下载数:0, 5次重试丢弃数0
[2016-09-06 20:30:32] jk的最新任务是T201608251618_102_800003
[2016-09-06 20:30:34] 任务总量:4028
[2016-09-06 20:30:34] 初始化job report.
[2016-09-06 20:30:35] --------------------------------------
[2016-09-06 20:30:35] 下载目标: https://detail.yao.95095.com/item.htm?id=523217353850&skuId=4611686541644741754&cat_id=55114018&rn=18520345136a0a170d7de1ee660766d7&user_id=720248198&is_b=1
[2016-09-06 20:30:35] 已经下载数:0, 5次重试丢弃数0
[2016-09-06 20:30:38] --------------------------------------
[2016-09-06 20:30:38] 下载目标: https://detail.yao.95095.com/item.htm?id=523074808098&skuId=4611686541502196002&cat_id=55114018&rn=18520345136a0a170d7de1ee660766d7&user_id=720248198&is_b=1
[2016-09-06 20:30:38] 已经下载数:0, 5次重试丢弃数0
[2016-09-06 20:30:41] --------------------------------------
[2016-09-06 20:30:41] 下载目标: https://detail.yao.95095.com/item.htm?id=525140887937&skuId=4611686543568275841&cat_id=55114018&rn=18520345136a0a170d7de1ee660766d7&user_id=720248198&is_b=1
[2016-09-06 20:30:41] 已经下载数:0, 5次重试丢弃数0
[2016-09-06 20:37:59] jk的最新任务是T201608251618_102_800003
[2016-09-06 20:38:00] 任务总量:4028
[2016-09-06 20:38:00] 初始化job report.
[2016-09-06 20:38:01] --------------------------------------
[2016-09-06 20:38:01] 下载目标: https://detail.yao.95095.com/item.htm?id=523217353850&skuId=4611686541644741754&cat_id=55114018&rn=18520345136a0a170d7de1ee660766d7&user_id=720248198&is_b=1
[2016-09-06 20:38:01] 已经下载数:0, 5次重试丢弃数0
[2016-09-06 20:38:04] --------------------------------------
[2016-09-06 20:38:04] 下载目标: https://detail.yao.95095.com/item.htm?id=523074808098&skuId=4611686541502196002&cat_id=55114018&rn=18520345136a0a170d7de1ee660766d7&user_id=720248198&is_b=1
[2016-09-06 20:38:04] 已经下载数:0, 5次重试丢弃数0
[2016-09-06 20:38:07] --------------------------------------
[2016-09-06 20:38:07] 下载目标: https://detail.yao.95095.com/item.htm?id=525140887937&skuId=4611686543568275841&cat_id=55114018&rn=18520345136a0a170d7de1ee660766d7&user_id=720248198&is_b=1
[2016-09-06 20:38:07] 已经下载数:0, 5次重试丢弃数0
[2016-09-06 20:38:10] --------------------------------------
[2016-09-06 20:38:10] 下载目标: https://detail.yao.95095.com/item.htm?id=523938656311&skuId=4611686542366044215&cat_id=55114018&rn=18520345136a0a170d7de1ee660766d7&user_id=720248198&is_b=1
[2016-09-06 20:38:10] 已经下载数:0, 5次重试丢弃数0
[2016-09-06 20:38:12] --------------------------------------
[2016-09-06 20:38:12] 下载目标: https://detail.yao.95095.com/item.htm?id=526044117328&skuId=4611686544471505232&cat_id=55114018&rn=18520345136a0a170d7de1ee660766d7&user_id=720248198&is_b=1
[2016-09-06 20:38:12] 已经下载数:0, 5次重试丢弃数0
[2016-09-06 20:39:55] jk的最新任务是T201608251618_102_800003
[2016-09-06 20:39:56] 任务总量:4028
[2016-09-06 20:39:56] 初始化job report.
[2016-09-06 20:39:57] --------------------------------------
[2016-09-06 20:39:57] 下载目标: https://detail.yao.95095.com/item.htm?id=523217353850&skuId=4611686541644741754&cat_id=55114018&rn=18520345136a0a170d7de1ee660766d7&user_id=720248198&is_b=1
[2016-09-06 20:39:57] 已经下载数:0, 5次重试丢弃数0
[2016-09-06 20:40:00] 请求详情.
[2016-09-06 20:40:01] 目标入库.
[2016-09-06 20:40:01] 完成.
[2016-09-06 20:40:01] --------------------------------------
[2016-09-06 20:40:01] 下载目标: https://detail.yao.95095.com/item.htm?id=523074808098&skuId=4611686541502196002&cat_id=55114018&rn=18520345136a0a170d7de1ee660766d7&user_id=720248198&is_b=1
[2016-09-06 20:40:01] 已经下载数:1, 5次重试丢弃数0
[2016-09-07 09:22:03] jk的最新任务是T201608251618_102_800003
[2016-09-07 09:22:05] 任务总量:4028
[2016-09-07 09:22:05] 初始化job report.
[2016-09-07 09:22:06] --------------------------------------
[2016-09-07 09:22:06] 下载目标: https://detail.yao.95095.com/item.htm?id=523217353850&skuId=4611686541644741754&cat_id=55114018&rn=18520345136a0a170d7de1ee660766d7&user_id=720248198&is_b=1
[2016-09-07 09:22:06] 已经下载数:0, 5次重试丢弃数0
[2016-09-07 09:22:14] --------------------------------------
[2016-09-07 09:22:14] 下载目标: https://detail.yao.95095.com/item.htm?id=523074808098&skuId=4611686541502196002&cat_id=55114018&rn=18520345136a0a170d7de1ee660766d7&user_id=720248198&is_b=1
[2016-09-07 09:22:14] 已经下载数:0, 5次重试丢弃数0
[2016-09-07 09:22:18] --------------------------------------
[2016-09-07 09:22:18] 下载目标: https://detail.yao.95095.com/item.htm?id=525140887937&skuId=4611686543568275841&cat_id=55114018&rn=18520345136a0a170d7de1ee660766d7&user_id=720248198&is_b=1
[2016-09-07 09:22:18] 已经下载数:0, 5次重试丢弃数0
[2016-09-07 09:22:27] --------------------------------------
[2016-09-07 09:22:27] 下载目标: https://detail.yao.95095.com/item.htm?id=523938656311&skuId=4611686542366044215&cat_id=55114018&rn=18520345136a0a170d7de1ee660766d7&user_id=720248198&is_b=1
[2016-09-07 09:22:27] 已经下载数:0, 5次重试丢弃数0
[2016-09-07 09:22:49] jk的最新任务是T201608251618_102_800003
[2016-09-07 09:22:51] 任务总量:4028
[2016-09-07 09:22:51] 初始化job report.
[2016-09-07 09:22:52] --------------------------------------
[2016-09-07 09:22:52] 下载目标: https://detail.yao.95095.com/item.htm?id=523217353850&skuId=4611686541644741754&cat_id=55114018&rn=18520345136a0a170d7de1ee660766d7&user_id=720248198&is_b=1
[2016-09-07 09:22:52] 已经下载数:0, 5次重试丢弃数0
[2016-09-07 09:22:57] --------------------------------------
[2016-09-07 09:22:57] 下载目标: https://detail.yao.95095.com/item.htm?id=523074808098&skuId=4611686541502196002&cat_id=55114018&rn=18520345136a0a170d7de1ee660766d7&user_id=720248198&is_b=1
[2016-09-07 09:22:57] 已经下载数:0, 5次重试丢弃数0
[2016-09-07 09:23:01] --------------------------------------
[2016-09-07 09:23:01] 下载目标: https://detail.yao.95095.com/item.htm?id=525140887937&skuId=4611686543568275841&cat_id=55114018&rn=18520345136a0a170d7de1ee660766d7&user_id=720248198&is_b=1
[2016-09-07 09:23:01] 已经下载数:0, 5次重试丢弃数0
[2016-09-07 09:42:58] jk的最新任务是T201608251618_102_800003
[2016-09-07 09:42:59] 任务总量:4028
[2016-09-07 09:42:59] 初始化job report.
[2016-09-07 09:43:00] --------------------------------------
[2016-09-07 09:43:00] 下载目标: https://detail.yao.95095.com/item.htm?id=523217353850&skuId=4611686541644741754&cat_id=55114018&rn=18520345136a0a170d7de1ee660766d7&user_id=720248198&is_b=1
[2016-09-07 09:43:00] 已经下载数:0, 5次重试丢弃数0
[2016-09-07 09:43:04] 请求详情.
[2016-09-07 09:43:05] 目标入库.
[2016-09-07 09:43:05] --------------------------------------
[2016-09-07 09:43:05] 下载目标: https://detail.yao.95095.com/item.htm?id=523074808098&skuId=4611686541502196002&cat_id=55114018&rn=18520345136a0a170d7de1ee660766d7&user_id=720248198&is_b=1
[2016-09-07 09:43:05] 已经下载数:1, 5次重试丢弃数0
[2016-09-07 09:43:08] 请求详情.
[2016-09-07 09:43:08] 目标入库.
[2016-09-07 09:43:08] --------------------------------------
[2016-09-07 09:43:08] 下载目标: https://detail.yao.95095.com/item.htm?id=525140887937&skuId=4611686543568275841&cat_id=55114018&rn=18520345136a0a170d7de1ee660766d7&user_id=720248198&is_b=1
[2016-09-07 09:43:08] 已经下载数:2, 5次重试丢弃数0
[2016-09-07 09:43:11] 请求详情.
[2016-09-07 09:43:12] 目标入库.
[2016-09-07 09:43:12] --------------------------------------
[2016-09-07 09:43:12] 下载目标: https://detail.yao.95095.com/item.htm?id=523938656311&skuId=4611686542366044215&cat_id=55114018&rn=18520345136a0a170d7de1ee660766d7&user_id=720248198&is_b=1
[2016-09-07 09:43:12] 已经下载数:3, 5次重试丢弃数0
[2016-09-07 09:44:16] jk的最新任务是T201608251618_102_800003
[2016-09-07 09:44:17] 任务总量:4028
[2016-09-07 09:44:17] 初始化job report.
[2016-09-07 09:44:18] --------------------------------------
[2016-09-07 09:44:18] 下载目标: https://detail.yao.95095.com/item.htm?id=523217353850&skuId=4611686541644741754&cat_id=55114018&rn=18520345136a0a170d7de1ee660766d7&user_id=720248198&is_b=1
[2016-09-07 09:44:18] 已经下载数:0, 5次重试丢弃数0
[2016-09-07 09:44:22] 请求详情.
[2016-09-07 09:44:23] 目标入库.
[2016-09-07 09:44:23] --------------------------------------
[2016-09-07 09:44:23] 下载目标: https://detail.yao.95095.com/item.htm?id=523074808098&skuId=4611686541502196002&cat_id=55114018&rn=18520345136a0a170d7de1ee660766d7&user_id=720248198&is_b=1
[2016-09-07 09:44:23] 已经下载数:1, 5次重试丢弃数0
[2016-09-07 09:44:27] 请求详情.
[2016-09-07 09:44:27] 目标入库.
[2016-09-07 09:44:27] --------------------------------------
[2016-09-07 09:44:27] 下载目标: https://detail.yao.95095.com/item.htm?id=525140887937&skuId=4611686543568275841&cat_id=55114018&rn=18520345136a0a170d7de1ee660766d7&user_id=720248198&is_b=1
[2016-09-07 09:44:27] 已经下载数:2, 5次重试丢弃数0
[2016-09-07 09:44:56] jk的最新任务是T201608251618_102_800003
[2016-09-07 09:44:57] 任务总量:4028
[2016-09-07 09:44:57] 初始化job report.
[2016-09-07 09:44:58] --------------------------------------
[2016-09-07 09:44:58] 下载目标: https://detail.yao.95095.com/item.htm?id=523217353850&skuId=4611686541644741754&cat_id=55114018&rn=18520345136a0a170d7de1ee660766d7&user_id=720248198&is_b=1
[2016-09-07 09:44:58] 已经下载数:0, 5次重试丢弃数0
[2016-09-07 09:45:02] 请求详情.
[2016-09-07 09:45:03] 目标入库.
[2016-09-07 09:45:03] 完成.
[2016-09-07 09:45:03] --------------------------------------
[2016-09-07 09:45:03] 下载目标: https://detail.yao.95095.com/item.htm?id=523074808098&skuId=4611686541502196002&cat_id=55114018&rn=18520345136a0a170d7de1ee660766d7&user_id=720248198&is_b=1
[2016-09-07 09:45:03] 已经下载数:1, 5次重试丢弃数0
[2016-09-07 09:45:06] 请求详情.
[2016-09-07 09:45:07] 目标入库.
[2016-09-07 09:45:07] 完成.
[2016-09-07 09:45:07] --------------------------------------
[2016-09-07 09:45:07] 下载目标: https://detail.yao.95095.com/item.htm?id=525140887937&skuId=4611686543568275841&cat_id=55114018&rn=18520345136a0a170d7de1ee660766d7&user_id=720248198&is_b=1
[2016-09-07 09:45:07] 已经下载数:2, 5次重试丢弃数0
[2016-09-07 09:45:11] 请求详情.
[2016-09-07 09:45:12] 目标入库.
[2016-09-07 09:45:12] 完成.
[2016-09-07 09:45:12] --------------------------------------
[2016-09-07 09:45:12] 下载目标: https://detail.yao.95095.com/item.htm?id=523938656311&skuId=4611686542366044215&cat_id=55114018&rn=18520345136a0a170d7de1ee660766d7&user_id=720248198&is_b=1
[2016-09-07 09:45:12] 已经下载数:3, 5次重试丢弃数0
[2016-09-08 20:27:28] jk的最新任务是T201608251618_102_800003
[2016-09-08 20:27:30] 任务总量:4028
[2016-09-08 20:27:30] 初始化job report.
[2016-09-08 20:27:31] --------------------------------------
[2016-09-08 20:27:31] 下载目标: https://detail.yao.95095.com/item.htm?id=523217353850&skuId=4611686541644741754&cat_id=55114018&rn=18520345136a0a170d7de1ee660766d7&user_id=720248198&is_b=1
[2016-09-08 20:27:31] 已经下载数:0, 5次重试丢弃数0
[2016-09-08 20:27:34] 请求详情.
[2016-09-08 20:27:35] 目标入库.
[2016-09-08 20:27:35] 完成.
[2016-09-08 20:27:35] --------------------------------------
[2016-09-08 20:27:35] 下载目标: https://detail.yao.95095.com/item.htm?id=523074808098&skuId=4611686541502196002&cat_id=55114018&rn=18520345136a0a170d7de1ee660766d7&user_id=720248198&is_b=1
[2016-09-08 20:27:35] 已经下载数:1, 5次重试丢弃数0
[2016-09-08 20:27:38] 请求详情.
[2016-09-08 20:27:39] 目标入库.
[2016-09-08 20:27:39] 完成.
[2016-09-08 20:27:39] --------------------------------------
[2016-09-08 20:27:39] 下载目标: https://detail.yao.95095.com/item.htm?id=525140887937&skuId=4611686543568275841&cat_id=55114018&rn=18520345136a0a170d7de1ee660766d7&user_id=720248198&is_b=1
[2016-09-08 20:27:39] 已经下载数:2, 5次重试丢弃数0
[2016-09-08 20:27:41] 请求详情.
[2016-09-08 20:27:42] 目标入库.
[2016-09-08 20:27:42] 完成.
[2016-09-08 20:27:42] --------------------------------------
[2016-09-08 20:27:42] 下载目标: https://detail.yao.95095.com/item.htm?id=523938656311&skuId=4611686542366044215&cat_id=55114018&rn=18520345136a0a170d7de1ee660766d7&user_id=720248198&is_b=1
[2016-09-08 20:27:42] 已经下载数:3, 5次重试丢弃数0
[2016-09-08 20:27:45] 请求详情.
[2016-09-08 20:27:46] 目标入库.
[2016-09-08 20:27:46] 完成.
[2016-09-08 20:27:46] --------------------------------------
[2016-09-08 20:27:46] 下载目标: https://detail.yao.95095.com/item.htm?id=526044117328&skuId=4611686544471505232&cat_id=55114018&rn=18520345136a0a170d7de1ee660766d7&user_id=720248198&is_b=1
[2016-09-08 20:27:46] 已经下载数:4, 5次重试丢弃数0
[2016-09-08 20:27:48] 请求详情.
[2016-09-08 20:27:49] 目标入库.
[2016-09-08 20:27:52] 完成.
[2016-09-08 20:27:52] --------------------------------------
[2016-09-08 20:27:52] 下载目标: https://detail.yao.95095.com/item.htm?id=524002593561&skuId=4611686542429981465&cat_id=55114018&rn=18520345136a0a170d7de1ee660766d7&user_id=720248198&is_b=1
[2016-09-08 20:27:52] 已经下载数:5, 5次重试丢弃数0
[2016-09-08 20:27:54] 请求详情.
[2016-09-08 20:34:45] jk的最新任务是T201609082024_102_800003
[2016-09-08 20:34:46] 任务总量:420
[2016-09-08 20:34:46] 初始化job report.
[2016-09-08 20:34:48] --------------------------------------
[2016-09-08 20:34:48] 下载目标: https://detail.yao.95095.com/item.htm?id=527368340920&amp;skuId=4611686545795728824&amp;cat_id=55114018&amp;rn=7e30914dd85f74d78d3ba03fa0228b36&amp;user_id=720248198&amp;is_b=1
[2016-09-08 20:34:48] 已经下载数:0, 5次重试丢弃数0
[2016-09-08 20:34:51] 请求详情.
[2016-09-08 20:34:52] 目标入库.
[2016-09-08 20:34:52] 完成.
[2016-09-08 20:34:52] --------------------------------------
[2016-09-08 20:34:52] 下载目标: https://detail.yao.95095.com/item.htm?id=523254216880&amp;skuId=4611686541681604784&amp;cat_id=55114018&amp;rn=7e30914dd85f74d78d3ba03fa0228b36&amp;user_id=720248198&amp;is_b=1
[2016-09-08 20:34:52] 已经下载数:1, 5次重试丢弃数0
[2016-09-08 20:34:54] 请求详情.
[2016-09-08 20:34:55] 目标入库.
[2016-09-08 20:34:55] 完成.
[2016-09-08 20:34:55] --------------------------------------
[2016-09-08 20:34:55] 下载目标: https://detail.yao.95095.com/item.htm?id=534514967868&amp;skuId=4611686552942355772&amp;cat_id=55114018&amp;rn=7e30914dd85f74d78d3ba03fa0228b36&amp;user_id=720248198&amp;is_b=1
[2016-09-08 20:34:55] 已经下载数:2, 5次重试丢弃数0
[2016-09-08 20:34:58] 请求详情.
[2016-09-08 20:34:59] 目标入库.
[2016-09-08 20:34:59] 完成.
[2016-09-08 20:34:59] --------------------------------------
[2016-09-08 20:34:59] 下载目标: https://detail.yao.95095.com/item.htm?id=530209079699&amp;skuId=4611686548636467603&amp;cat_id=55114018&amp;rn=7e30914dd85f74d78d3ba03fa0228b36&amp;user_id=720248198&amp;is_b=1
[2016-09-08 20:34:59] 已经下载数:3, 5次重试丢弃数0
[2016-09-08 20:35:01] 请求详情.
[2016-09-08 20:35:02] 目标入库.
[2016-09-08 20:35:02] 完成.
[2016-09-08 20:35:02] --------------------------------------
[2016-09-08 20:35:02] 下载目标: https://detail.yao.95095.com/item.htm?id=525804348329&amp;skuId=4611686544231736233&amp;cat_id=55114018&amp;rn=7e30914dd85f74d78d3ba03fa0228b36&amp;user_id=720248198&amp;is_b=1
[2016-09-08 20:35:02] 已经下载数:4, 5次重试丢弃数0
