[2016-09-01 14:55:05] 当前异常保持记录数=0
[2016-09-01 14:55:05] 总任务数:450
[2016-09-01 14:55:05] 开始处理键客店铺.
[2016-09-01 14:55:05] 采集进度:1/450, 下载失败:0, 解析失败:0
[2016-09-01 14:55:05] 已经存在，不重复采集!
[2016-09-01 14:55:05] 采集进度:2/450, 下载失败:0, 解析失败:0
[2016-09-01 14:55:05] 已经存在，不重复采集!
[2016-09-01 14:55:05] 采集进度:3/450, 下载失败:0, 解析失败:0
[2016-09-01 14:55:05] 已经存在，不重复采集!
[2016-09-01 14:55:05] 采集进度:4/450, 下载失败:0, 解析失败:0
[2016-09-01 14:55:05] 已经存在，不重复采集!
[2016-09-01 14:55:05] 采集进度:5/450, 下载失败:0, 解析失败:0
[2016-09-01 14:55:05] 已经存在，不重复采集!
[2016-09-01 14:55:05] 采集进度:6/450, 下载失败:0, 解析失败:0
[2016-09-01 14:55:06] 已经存在，不重复采集!
[2016-09-01 14:55:06] 采集进度:7/450, 下载失败:0, 解析失败:0
[2016-09-01 14:55:06] 已经存在，不重复采集!
[2016-09-01 14:55:06] 采集进度:8/450, 下载失败:0, 解析失败:0
[2016-09-01 14:55:06] 已经存在，不重复采集!
[2016-09-01 14:55:06] 采集进度:9/450, 下载失败:0, 解析失败:0
[2016-09-01 14:55:06] 已经存在，不重复采集!
[2016-09-01 14:55:06] 采集进度:10/450, 下载失败:0, 解析失败:0
[2016-09-01 14:55:06] 已经存在，不重复采集!
[2016-09-01 14:55:06] 采集进度:11/450, 下载失败:0, 解析失败:0
[2016-09-01 14:55:06] 已经存在，不重复采集!
[2016-09-01 14:55:06] 采集进度:12/450, 下载失败:0, 解析失败:0
[2016-09-01 14:55:07] 已经存在，不重复采集!
[2016-09-01 14:55:07] 采集进度:13/450, 下载失败:0, 解析失败:0
[2016-09-01 14:55:07] 键客店铺 产品Id: 100157259
[2016-09-01 14:57:07] 其它异常!
[2016-09-01 14:57:07] 需要重试!
[2016-09-01 14:57:07] 采集进度:14/450, 下载失败:0, 解析失败:0
[2016-09-01 14:57:07] 已经存在，不重复采集!
[2016-09-01 14:57:07] 采集进度:15/450, 下载失败:0, 解析失败:0
[2016-09-01 14:57:07] 已经存在，不重复采集!
[2016-09-01 14:57:07] 采集进度:16/450, 下载失败:0, 解析失败:0
[2016-09-01 14:57:07] 已经存在，不重复采集!
[2016-09-01 14:57:07] 采集进度:17/450, 下载失败:0, 解析失败:0
[2016-09-01 14:57:08] 已经存在，不重复采集!
[2016-09-01 14:57:08] 采集进度:18/450, 下载失败:0, 解析失败:0
[2016-09-01 14:57:08] 已经存在，不重复采集!
[2016-09-01 14:57:08] 采集进度:19/450, 下载失败:0, 解析失败:0
[2016-09-01 14:57:09] 已经存在，不重复采集!
[2016-09-01 14:57:09] 采集进度:20/450, 下载失败:0, 解析失败:0
[2016-09-01 14:57:09] 已经存在，不重复采集!
[2016-09-01 14:57:09] 采集进度:21/450, 下载失败:0, 解析失败:0
[2016-09-01 14:57:09] 已经存在，不重复采集!
[2016-09-01 14:57:09] 采集进度:22/450, 下载失败:0, 解析失败:0
[2016-09-01 14:57:09] 已经存在，不重复采集!
[2016-09-01 14:57:09] 采集进度:23/450, 下载失败:0, 解析失败:0
[2016-09-01 14:57:09] 已经存在，不重复采集!
[2016-09-01 14:57:09] 采集进度:24/450, 下载失败:0, 解析失败:0
[2016-09-01 14:57:10] 已经存在，不重复采集!
[2016-09-01 14:57:10] 采集进度:25/450, 下载失败:0, 解析失败:0
[2016-09-01 14:57:10] 已经存在，不重复采集!
[2016-09-01 14:57:10] 采集进度:26/450, 下载失败:0, 解析失败:0
[2016-09-01 14:57:10] 已经存在，不重复采集!
[2016-09-01 14:57:10] 采集进度:27/450, 下载失败:0, 解析失败:0
[2016-09-01 14:57:10] 已经存在，不重复采集!
[2016-09-01 14:57:10] 采集进度:28/450, 下载失败:0, 解析失败:0
[2016-09-01 14:57:10] 已经存在，不重复采集!
[2016-09-01 14:57:10] 采集进度:29/450, 下载失败:0, 解析失败:0
[2016-09-01 14:57:10] 已经存在，不重复采集!
[2016-09-01 14:57:10] 采集进度:30/450, 下载失败:0, 解析失败:0
[2016-09-01 14:57:11] 已经存在，不重复采集!
[2016-09-01 14:57:11] 采集进度:31/450, 下载失败:0, 解析失败:0
[2016-09-01 14:57:11] 已经存在，不重复采集!
[2016-09-01 14:57:11] 采集进度:32/450, 下载失败:0, 解析失败:0
[2016-09-01 14:57:11] 已经存在，不重复采集!
[2016-09-01 14:57:11] 采集进度:33/450, 下载失败:0, 解析失败:0
[2016-09-01 14:57:11] 已经存在，不重复采集!
[2016-09-01 14:57:11] 采集进度:34/450, 下载失败:0, 解析失败:0
[2016-09-01 14:57:12] 已经存在，不重复采集!
[2016-09-01 14:57:12] 采集进度:35/450, 下载失败:0, 解析失败:0
[2016-09-01 14:57:12] 已经存在，不重复采集!
[2016-09-01 14:57:12] 采集进度:36/450, 下载失败:0, 解析失败:0
[2016-09-01 14:57:12] 已经存在，不重复采集!
[2016-09-01 14:57:12] 采集进度:37/450, 下载失败:0, 解析失败:0
[2016-09-01 14:57:12] 已经存在，不重复采集!
[2016-09-01 14:57:12] 采集进度:38/450, 下载失败:0, 解析失败:0
[2016-09-01 14:57:12] 已经存在，不重复采集!
[2016-09-01 14:57:12] 采集进度:39/450, 下载失败:0, 解析失败:0
[2016-09-01 14:57:13] 已经存在，不重复采集!
[2016-09-01 14:57:13] 采集进度:40/450, 下载失败:0, 解析失败:0
[2016-09-01 14:57:13] 已经存在，不重复采集!
[2016-09-01 14:57:13] 采集进度:41/450, 下载失败:0, 解析失败:0
[2016-09-01 14:57:13] 已经存在，不重复采集!
[2016-09-01 14:57:13] 采集进度:42/450, 下载失败:0, 解析失败:0
[2016-09-01 14:57:13] 已经存在，不重复采集!
[2016-09-01 14:57:13] 采集进度:43/450, 下载失败:0, 解析失败:0
[2016-09-01 14:57:13] 已经存在，不重复采集!
[2016-09-01 14:57:13] 采集进度:44/450, 下载失败:0, 解析失败:0
[2016-09-01 14:57:13] 已经存在，不重复采集!
[2016-09-01 14:57:13] 采集进度:45/450, 下载失败:0, 解析失败:0
[2016-09-01 14:57:14] 已经存在，不重复采集!
[2016-09-01 14:57:14] 采集进度:46/450, 下载失败:0, 解析失败:0
[2016-09-01 14:57:14] 已经存在，不重复采集!
[2016-09-01 14:57:14] 采集进度:47/450, 下载失败:0, 解析失败:0
[2016-09-01 14:57:14] 已经存在，不重复采集!
[2016-09-01 14:57:14] 采集进度:48/450, 下载失败:0, 解析失败:0
[2016-09-01 14:57:14] 已经存在，不重复采集!
[2016-09-01 14:57:14] 采集进度:49/450, 下载失败:0, 解析失败:0
[2016-09-01 14:57:14] 已经存在，不重复采集!
[2016-09-01 14:57:14] 采集进度:50/450, 下载失败:0, 解析失败:0
[2016-09-01 14:57:15] 已经存在，不重复采集!
[2016-09-01 14:57:15] 采集进度:51/450, 下载失败:0, 解析失败:0
[2016-09-01 14:57:15] 已经存在，不重复采集!
[2016-09-01 14:57:15] 采集进度:52/450, 下载失败:0, 解析失败:0
[2016-09-01 14:57:15] 已经存在，不重复采集!
[2016-09-01 14:57:15] 采集进度:53/450, 下载失败:0, 解析失败:0
[2016-09-01 14:57:15] 已经存在，不重复采集!
[2016-09-01 14:57:15] 采集进度:54/450, 下载失败:0, 解析失败:0
[2016-09-01 14:57:15] 已经存在，不重复采集!
[2016-09-01 14:57:15] 采集进度:55/450, 下载失败:0, 解析失败:0
[2016-09-01 14:57:16] 已经存在，不重复采集!
[2016-09-01 14:57:16] 采集进度:56/450, 下载失败:0, 解析失败:0
[2016-09-01 14:57:16] 已经存在，不重复采集!
[2016-09-01 14:57:16] 采集进度:57/450, 下载失败:0, 解析失败:0
[2016-09-01 14:57:16] 已经存在，不重复采集!
[2016-09-01 14:57:16] 采集进度:58/450, 下载失败:0, 解析失败:0
[2016-09-01 14:57:16] 已经存在，不重复采集!
[2016-09-01 14:57:16] 采集进度:59/450, 下载失败:0, 解析失败:0
[2016-09-01 14:57:16] 键客店铺 产品Id: 100177454
[2016-09-01 14:58:07] Page下载完成
[2016-09-01 14:58:07] price=416.00
[2016-09-01 14:58:07] prod_num=41
[2016-09-01 14:58:07] image_name=http://pic2.360img.cn/imgs/item/20160901/10324154292635.jpg_380.jpg
[2016-09-01 14:58:07] 先前已下载image!
[2016-09-01 14:58:07] 入库完成
[2016-09-01 14:58:07] 采集进度:60/450, 下载失败:0, 解析失败:0
[2016-09-01 14:58:07] 已经存在，不重复采集!
[2016-09-01 14:58:07] 采集进度:61/450, 下载失败:0, 解析失败:0
[2016-09-01 14:58:07] 已经存在，不重复采集!
[2016-09-01 14:58:07] 采集进度:62/450, 下载失败:0, 解析失败:0
[2016-09-01 14:58:07] 已经存在，不重复采集!
[2016-09-01 14:58:07] 采集进度:63/450, 下载失败:0, 解析失败:0
[2016-09-01 14:58:08] 已经存在，不重复采集!
[2016-09-01 14:58:08] 采集进度:64/450, 下载失败:0, 解析失败:0
[2016-09-01 14:58:08] 已经存在，不重复采集!
[2016-09-01 14:58:08] 采集进度:65/450, 下载失败:0, 解析失败:0
[2016-09-01 14:58:09] 已经存在，不重复采集!
[2016-09-01 14:58:09] 采集进度:66/450, 下载失败:0, 解析失败:0
[2016-09-01 14:58:09] 已经存在，不重复采集!
[2016-09-01 14:58:09] 采集进度:67/450, 下载失败:0, 解析失败:0
[2016-09-01 14:58:09] 已经存在，不重复采集!
[2016-09-01 14:58:09] 采集进度:68/450, 下载失败:0, 解析失败:0
[2016-09-01 14:58:09] 已经存在，不重复采集!
[2016-09-01 14:58:09] 采集进度:69/450, 下载失败:0, 解析失败:0
[2016-09-01 14:58:09] 已经存在，不重复采集!
[2016-09-01 14:58:09] 采集进度:70/450, 下载失败:0, 解析失败:0
[2016-09-01 14:58:10] 已经存在，不重复采集!
[2016-09-01 14:58:10] 采集进度:71/450, 下载失败:0, 解析失败:0
[2016-09-01 14:58:10] 已经存在，不重复采集!
[2016-09-01 14:58:10] 采集进度:72/450, 下载失败:0, 解析失败:0
[2016-09-01 14:58:10] 已经存在，不重复采集!
[2016-09-01 14:58:10] 采集进度:73/450, 下载失败:0, 解析失败:0
[2016-09-01 14:58:11] 已经存在，不重复采集!
[2016-09-01 14:58:11] 采集进度:74/450, 下载失败:0, 解析失败:0
[2016-09-01 14:58:11] 已经存在，不重复采集!
[2016-09-01 14:58:11] 采集进度:75/450, 下载失败:0, 解析失败:0
[2016-09-01 14:58:11] 已经存在，不重复采集!
[2016-09-01 14:58:11] 采集进度:76/450, 下载失败:0, 解析失败:0
[2016-09-01 14:58:11] 已经存在，不重复采集!
[2016-09-01 14:58:11] 采集进度:77/450, 下载失败:0, 解析失败:0
[2016-09-01 14:58:11] 已经存在，不重复采集!
[2016-09-01 14:58:11] 采集进度:78/450, 下载失败:0, 解析失败:0
[2016-09-01 14:58:11] 已经存在，不重复采集!
[2016-09-01 14:58:11] 采集进度:79/450, 下载失败:0, 解析失败:0
[2016-09-01 14:58:11] 已经存在，不重复采集!
[2016-09-01 14:58:11] 采集进度:80/450, 下载失败:0, 解析失败:0
[2016-09-01 14:58:12] 已经存在，不重复采集!
[2016-09-01 14:58:12] 采集进度:81/450, 下载失败:0, 解析失败:0
[2016-09-01 14:58:12] 已经存在，不重复采集!
[2016-09-01 14:58:12] 采集进度:82/450, 下载失败:0, 解析失败:0
[2016-09-01 14:58:12] 已经存在，不重复采集!
[2016-09-01 14:58:12] 采集进度:83/450, 下载失败:0, 解析失败:0
[2016-09-01 14:58:12] 已经存在，不重复采集!
[2016-09-01 14:58:12] 采集进度:84/450, 下载失败:0, 解析失败:0
[2016-09-01 14:58:12] 已经存在，不重复采集!
[2016-09-01 14:58:12] 采集进度:85/450, 下载失败:0, 解析失败:0
[2016-09-01 14:58:13] 已经存在，不重复采集!
[2016-09-01 14:58:13] 采集进度:86/450, 下载失败:0, 解析失败:0
[2016-09-01 14:58:13] 已经存在，不重复采集!
[2016-09-01 14:58:13] 采集进度:87/450, 下载失败:0, 解析失败:0
[2016-09-01 14:58:13] 已经存在，不重复采集!
[2016-09-01 14:58:13] 采集进度:88/450, 下载失败:0, 解析失败:0
[2016-09-01 14:58:13] 已经存在，不重复采集!
[2016-09-01 14:58:13] 采集进度:89/450, 下载失败:0, 解析失败:0
[2016-09-01 14:58:13] 已经存在，不重复采集!
[2016-09-01 14:58:13] 采集进度:90/450, 下载失败:0, 解析失败:0
[2016-09-01 14:58:14] 已经存在，不重复采集!
[2016-09-01 14:58:14] 采集进度:91/450, 下载失败:0, 解析失败:0
[2016-09-01 14:58:14] 已经存在，不重复采集!
[2016-09-01 14:58:14] 采集进度:92/450, 下载失败:0, 解析失败:0
[2016-09-01 14:58:14] 键客店铺 产品Id: 10018972
[2016-09-01 14:58:15] Page下载完成
[2016-09-01 14:58:15] 解析异常!
[2016-09-01 14:58:15] 需要重试!
[2016-09-01 14:58:15] 采集进度:93/450, 下载失败:0, 解析失败:1
[2016-09-01 14:58:15] 已经存在，不重复采集!
[2016-09-01 14:58:15] 采集进度:94/450, 下载失败:0, 解析失败:1
[2016-09-01 14:58:15] 已经存在，不重复采集!
[2016-09-01 14:58:15] 采集进度:95/450, 下载失败:0, 解析失败:1
[2016-09-01 14:58:15] 已经存在，不重复采集!
[2016-09-01 14:58:15] 采集进度:96/450, 下载失败:0, 解析失败:1
[2016-09-01 14:58:16] 已经存在，不重复采集!
[2016-09-01 14:58:16] 采集进度:97/450, 下载失败:0, 解析失败:1
[2016-09-01 14:58:16] 已经存在，不重复采集!
[2016-09-01 14:58:16] 采集进度:98/450, 下载失败:0, 解析失败:1
[2016-09-01 14:58:16] 已经存在，不重复采集!
[2016-09-01 14:58:16] 采集进度:99/450, 下载失败:0, 解析失败:1
[2016-09-01 14:58:16] 已经存在，不重复采集!
[2016-09-01 14:58:16] 采集进度:100/450, 下载失败:0, 解析失败:1
[2016-09-01 14:58:16] 已经存在，不重复采集!
[2016-09-01 14:58:16] 采集进度:101/450, 下载失败:0, 解析失败:1
[2016-09-01 14:58:17] 已经存在，不重复采集!
[2016-09-01 14:58:17] 采集进度:102/450, 下载失败:0, 解析失败:1
[2016-09-01 14:58:18] 已经存在，不重复采集!
[2016-09-01 14:58:18] 采集进度:103/450, 下载失败:0, 解析失败:1
[2016-09-01 14:58:18] 已经存在，不重复采集!
[2016-09-01 14:58:18] 采集进度:104/450, 下载失败:0, 解析失败:1
[2016-09-01 14:58:18] 已经存在，不重复采集!
[2016-09-01 14:58:18] 采集进度:105/450, 下载失败:0, 解析失败:1
[2016-09-01 14:58:19] 已经存在，不重复采集!
[2016-09-01 14:58:19] 采集进度:106/450, 下载失败:0, 解析失败:1
[2016-09-01 14:58:19] 已经存在，不重复采集!
[2016-09-01 14:58:19] 采集进度:107/450, 下载失败:0, 解析失败:1
[2016-09-01 14:58:19] 键客店铺 产品Id: 10018356
[2016-09-01 14:58:19] Page下载完成
[2016-09-01 14:58:19] 解析异常!
[2016-09-01 14:58:19] 需要重试!
[2016-09-01 14:58:19] 采集进度:108/450, 下载失败:0, 解析失败:2
[2016-09-01 14:58:19] 已经存在，不重复采集!
[2016-09-01 14:58:19] 采集进度:109/450, 下载失败:0, 解析失败:2
[2016-09-01 14:58:20] 已经存在，不重复采集!
[2016-09-01 14:58:20] 采集进度:110/450, 下载失败:0, 解析失败:2
[2016-09-01 14:58:20] 已经存在，不重复采集!
[2016-09-01 14:58:20] 采集进度:111/450, 下载失败:0, 解析失败:2
[2016-09-01 14:58:20] 已经存在，不重复采集!
[2016-09-01 14:58:20] 采集进度:112/450, 下载失败:0, 解析失败:2
[2016-09-01 14:58:20] 已经存在，不重复采集!
[2016-09-01 14:58:20] 采集进度:113/450, 下载失败:0, 解析失败:2
[2016-09-01 14:58:20] 已经存在，不重复采集!
[2016-09-01 14:58:20] 采集进度:114/450, 下载失败:0, 解析失败:2
[2016-09-01 14:58:20] 已经存在，不重复采集!
[2016-09-01 14:58:20] 采集进度:115/450, 下载失败:0, 解析失败:2
[2016-09-01 14:58:21] 已经存在，不重复采集!
[2016-09-01 14:58:21] 采集进度:116/450, 下载失败:0, 解析失败:2
[2016-09-01 14:58:21] 已经存在，不重复采集!
[2016-09-01 14:58:21] 采集进度:117/450, 下载失败:0, 解析失败:2
[2016-09-01 14:58:21] 已经存在，不重复采集!
[2016-09-01 14:58:21] 采集进度:118/450, 下载失败:0, 解析失败:2
[2016-09-01 14:58:21] 已经存在，不重复采集!
[2016-09-01 14:58:21] 采集进度:119/450, 下载失败:0, 解析失败:2
[2016-09-01 14:58:22] 已经存在，不重复采集!
[2016-09-01 14:58:22] 采集进度:120/450, 下载失败:0, 解析失败:2
[2016-09-01 14:58:22] 已经存在，不重复采集!
[2016-09-01 14:58:22] 采集进度:121/450, 下载失败:0, 解析失败:2
[2016-09-01 14:58:22] 已经存在，不重复采集!
[2016-09-01 14:58:22] 采集进度:122/450, 下载失败:0, 解析失败:2
[2016-09-01 14:58:22] 已经存在，不重复采集!
[2016-09-01 14:58:22] 采集进度:123/450, 下载失败:0, 解析失败:2
[2016-09-01 14:58:22] 已经存在，不重复采集!
[2016-09-01 14:58:22] 采集进度:124/450, 下载失败:0, 解析失败:2
[2016-09-01 14:58:22] 已经存在，不重复采集!
[2016-09-01 14:58:22] 采集进度:125/450, 下载失败:0, 解析失败:2
[2016-09-01 14:58:23] 已经存在，不重复采集!
[2016-09-01 14:58:23] 采集进度:126/450, 下载失败:0, 解析失败:2
[2016-09-01 14:58:23] 已经存在，不重复采集!
[2016-09-01 14:58:23] 采集进度:127/450, 下载失败:0, 解析失败:2
[2016-09-01 14:58:23] 已经存在，不重复采集!
[2016-09-01 14:58:23] 采集进度:128/450, 下载失败:0, 解析失败:2
[2016-09-01 14:58:23] 已经存在，不重复采集!
[2016-09-01 14:58:23] 采集进度:129/450, 下载失败:0, 解析失败:2
[2016-09-01 14:58:24] 已经存在，不重复采集!
[2016-09-01 14:58:24] 采集进度:130/450, 下载失败:0, 解析失败:2
[2016-09-01 14:58:24] 已经存在，不重复采集!
[2016-09-01 14:58:24] 采集进度:131/450, 下载失败:0, 解析失败:2
[2016-09-01 14:58:24] 已经存在，不重复采集!
[2016-09-01 14:58:24] 采集进度:132/450, 下载失败:0, 解析失败:2
[2016-09-01 14:58:24] 已经存在，不重复采集!
[2016-09-01 14:58:24] 采集进度:133/450, 下载失败:0, 解析失败:2
[2016-09-01 14:58:24] 已经存在，不重复采集!
[2016-09-01 14:58:24] 采集进度:134/450, 下载失败:0, 解析失败:2
[2016-09-01 14:58:25] 已经存在，不重复采集!
[2016-09-01 14:58:25] 采集进度:135/450, 下载失败:0, 解析失败:2
[2016-09-01 14:58:25] 已经存在，不重复采集!
[2016-09-01 14:58:25] 采集进度:136/450, 下载失败:0, 解析失败:2
[2016-09-01 14:58:25] 已经存在，不重复采集!
[2016-09-01 14:58:25] 采集进度:137/450, 下载失败:0, 解析失败:2
[2016-09-01 14:58:25] 已经存在，不重复采集!
[2016-09-01 14:58:25] 采集进度:138/450, 下载失败:0, 解析失败:2
[2016-09-01 14:58:25] 键客店铺 产品Id: 100173113
[2016-09-01 14:58:31] Page下载完成
[2016-09-01 14:58:31] image_name=http://pic3.360img.cn/imgs/item/20160606/02353403629807.jpg_380.jpg
[2016-09-01 14:58:31] 解析异常!
[2016-09-01 14:58:31] 需要重试!
[2016-09-01 14:58:31] 采集进度:139/450, 下载失败:0, 解析失败:3
[2016-09-01 14:58:31] 已经存在，不重复采集!
[2016-09-01 14:58:31] 采集进度:140/450, 下载失败:0, 解析失败:3
[2016-09-01 14:58:31] 已经存在，不重复采集!
[2016-09-01 14:58:31] 采集进度:141/450, 下载失败:0, 解析失败:3
[2016-09-01 14:58:31] 已经存在，不重复采集!
[2016-09-01 14:58:31] 采集进度:142/450, 下载失败:0, 解析失败:3
[2016-09-01 14:58:31] 已经存在，不重复采集!
[2016-09-01 14:58:31] 采集进度:143/450, 下载失败:0, 解析失败:3
[2016-09-01 14:58:32] 已经存在，不重复采集!
[2016-09-01 14:58:32] 采集进度:144/450, 下载失败:0, 解析失败:3
[2016-09-01 14:58:32] 已经存在，不重复采集!
[2016-09-01 14:58:32] 采集进度:145/450, 下载失败:0, 解析失败:3
[2016-09-01 14:58:32] 已经存在，不重复采集!
[2016-09-01 14:58:32] 采集进度:146/450, 下载失败:0, 解析失败:3
[2016-09-01 14:58:32] 已经存在，不重复采集!
[2016-09-01 14:58:32] 采集进度:147/450, 下载失败:0, 解析失败:3
[2016-09-01 14:58:32] 已经存在，不重复采集!
[2016-09-01 14:58:32] 采集进度:148/450, 下载失败:0, 解析失败:3
[2016-09-01 14:58:33] 已经存在，不重复采集!
[2016-09-01 14:58:33] 采集进度:149/450, 下载失败:0, 解析失败:3
[2016-09-01 14:58:33] 已经存在，不重复采集!
[2016-09-01 14:58:33] 采集进度:150/450, 下载失败:0, 解析失败:3
[2016-09-01 14:58:33] 已经存在，不重复采集!
[2016-09-01 14:58:33] 采集进度:151/450, 下载失败:0, 解析失败:3
[2016-09-01 14:58:33] 已经存在，不重复采集!
[2016-09-01 14:58:33] 采集进度:152/450, 下载失败:0, 解析失败:3
[2016-09-01 14:58:33] 已经存在，不重复采集!
[2016-09-01 14:58:33] 采集进度:153/450, 下载失败:0, 解析失败:3
[2016-09-01 14:58:34] 已经存在，不重复采集!
[2016-09-01 14:58:34] 采集进度:154/450, 下载失败:0, 解析失败:3
[2016-09-01 14:58:34] 已经存在，不重复采集!
[2016-09-01 14:58:34] 采集进度:155/450, 下载失败:0, 解析失败:3
[2016-09-01 14:58:34] 已经存在，不重复采集!
[2016-09-01 14:58:34] 采集进度:156/450, 下载失败:0, 解析失败:3
[2016-09-01 14:58:34] 已经存在，不重复采集!
[2016-09-01 14:58:34] 采集进度:157/450, 下载失败:0, 解析失败:3
[2016-09-01 14:58:35] 已经存在，不重复采集!
[2016-09-01 14:58:35] 采集进度:158/450, 下载失败:0, 解析失败:3
[2016-09-01 14:58:35] 已经存在，不重复采集!
[2016-09-01 14:58:35] 采集进度:159/450, 下载失败:0, 解析失败:3
[2016-09-01 14:58:35] 已经存在，不重复采集!
[2016-09-01 14:58:35] 采集进度:160/450, 下载失败:0, 解析失败:3
[2016-09-01 14:58:35] 已经存在，不重复采集!
[2016-09-01 14:58:35] 采集进度:161/450, 下载失败:0, 解析失败:3
[2016-09-01 14:58:35] 已经存在，不重复采集!
[2016-09-01 14:58:35] 采集进度:162/450, 下载失败:0, 解析失败:3
[2016-09-01 14:58:35] 已经存在，不重复采集!
[2016-09-01 14:58:35] 采集进度:163/450, 下载失败:0, 解析失败:3
[2016-09-01 14:58:36] 已经存在，不重复采集!
[2016-09-01 14:58:36] 采集进度:164/450, 下载失败:0, 解析失败:3
[2016-09-01 14:58:36] 已经存在，不重复采集!
[2016-09-01 14:58:36] 采集进度:165/450, 下载失败:0, 解析失败:3
[2016-09-01 14:58:36] 已经存在，不重复采集!
[2016-09-01 14:58:36] 采集进度:166/450, 下载失败:0, 解析失败:3
[2016-09-01 14:58:36] 已经存在，不重复采集!
[2016-09-01 14:58:36] 采集进度:167/450, 下载失败:0, 解析失败:3
[2016-09-01 14:58:36] 已经存在，不重复采集!
[2016-09-01 14:58:36] 采集进度:168/450, 下载失败:0, 解析失败:3
[2016-09-01 14:58:37] 已经存在，不重复采集!
[2016-09-01 14:58:37] 采集进度:169/450, 下载失败:0, 解析失败:3
[2016-09-01 14:58:37] 已经存在，不重复采集!
[2016-09-01 14:58:37] 采集进度:170/450, 下载失败:0, 解析失败:3
[2016-09-01 14:58:37] 已经存在，不重复采集!
[2016-09-01 14:58:37] 采集进度:171/450, 下载失败:0, 解析失败:3
[2016-09-01 14:58:37] 已经存在，不重复采集!
[2016-09-01 14:58:37] 键客店铺采集结束.
[2016-09-01 14:58:37] 开始处理所有对手店铺.
[2016-09-01 14:58:37] 采集进度:172/450, 下载失败:0, 解析失败:3
[2016-09-01 14:58:37] 已经存在，不重复采集!
[2016-09-01 14:58:37] 采集进度:173/450, 下载失败:0, 解析失败:3
[2016-09-01 14:58:37] 已经存在，不重复采集!
[2016-09-01 14:58:37] 采集进度:174/450, 下载失败:0, 解析失败:3
[2016-09-01 14:58:38] 已经存在，不重复采集!
[2016-09-01 14:58:38] 采集进度:175/450, 下载失败:0, 解析失败:3
[2016-09-01 14:58:38] 已经存在，不重复采集!
[2016-09-01 14:58:38] 采集进度:176/450, 下载失败:0, 解析失败:3
[2016-09-01 14:58:38] 已经存在，不重复采集!
[2016-09-01 14:58:38] 采集进度:177/450, 下载失败:0, 解析失败:3
[2016-09-01 14:58:38] 已经存在，不重复采集!
[2016-09-01 14:58:38] 采集进度:178/450, 下载失败:0, 解析失败:3
[2016-09-01 14:58:38] 所有对手店铺 产品Id: 100305622
[2016-09-01 14:58:48] Page下载完成
[2016-09-01 14:58:48] image_name=http://pic3.360img.cn/imgs/item/20151221/10230077135663.jpg_380.jpg
[2016-09-01 14:58:48] 解析异常!
[2016-09-01 14:58:48] 需要重试!
[2016-09-01 14:58:48] 采集进度:179/450, 下载失败:0, 解析失败:4
[2016-09-01 14:58:49] 已经存在，不重复采集!
[2016-09-01 14:58:49] 采集进度:180/450, 下载失败:0, 解析失败:4
[2016-09-01 14:58:49] 已经存在，不重复采集!
[2016-09-01 14:58:49] 采集进度:181/450, 下载失败:0, 解析失败:4
[2016-09-01 14:58:49] 已经存在，不重复采集!
[2016-09-01 14:58:49] 采集进度:182/450, 下载失败:0, 解析失败:4
[2016-09-01 14:58:49] 所有对手店铺 产品Id: 100273987
[2016-09-01 14:59:09] 其它异常!
[2016-09-01 14:59:09] 需要重试!
[2016-09-01 14:59:09] 采集进度:183/450, 下载失败:0, 解析失败:4
[2016-09-01 14:59:09] 已经存在，不重复采集!
[2016-09-01 14:59:09] 采集进度:184/450, 下载失败:0, 解析失败:4
[2016-09-01 14:59:09] 已经存在，不重复采集!
[2016-09-01 14:59:09] 采集进度:185/450, 下载失败:0, 解析失败:4
[2016-09-01 14:59:09] 已经存在，不重复采集!
[2016-09-01 14:59:09] 采集进度:186/450, 下载失败:0, 解析失败:4
[2016-09-01 14:59:10] 已经存在，不重复采集!
[2016-09-01 14:59:10] 采集进度:187/450, 下载失败:0, 解析失败:4
[2016-09-01 14:59:10] 已经存在，不重复采集!
[2016-09-01 14:59:10] 采集进度:188/450, 下载失败:0, 解析失败:4
[2016-09-01 14:59:10] 已经存在，不重复采集!
[2016-09-01 14:59:10] 采集进度:189/450, 下载失败:0, 解析失败:4
[2016-09-01 14:59:10] 已经存在，不重复采集!
[2016-09-01 14:59:10] 采集进度:190/450, 下载失败:0, 解析失败:4
[2016-09-01 14:59:10] 已经存在，不重复采集!
[2016-09-01 14:59:10] 采集进度:191/450, 下载失败:0, 解析失败:4
[2016-09-01 14:59:10] 已经存在，不重复采集!
[2016-09-01 14:59:10] 采集进度:192/450, 下载失败:0, 解析失败:4
[2016-09-01 14:59:11] 已经存在，不重复采集!
[2016-09-01 14:59:11] 采集进度:193/450, 下载失败:0, 解析失败:4
[2016-09-01 14:59:11] 已经存在，不重复采集!
[2016-09-01 14:59:11] 采集进度:194/450, 下载失败:0, 解析失败:4
[2016-09-01 14:59:11] 已经存在，不重复采集!
[2016-09-01 14:59:11] 采集进度:195/450, 下载失败:0, 解析失败:4
[2016-09-01 14:59:11] 已经存在，不重复采集!
[2016-09-01 14:59:11] 采集进度:196/450, 下载失败:0, 解析失败:4
[2016-09-01 14:59:12] 已经存在，不重复采集!
[2016-09-01 14:59:12] 采集进度:197/450, 下载失败:0, 解析失败:4
[2016-09-01 14:59:12] 已经存在，不重复采集!
[2016-09-01 14:59:12] 采集进度:198/450, 下载失败:0, 解析失败:4
