[2016-10-17 15:39:38] 初始化job report.
[2016-10-17 15:39:38] 当前请求地址: https://bjymsp.tmall.com/category.htm?search=y&orderType=hotsell_desc&pageNo=1
[2016-10-17 15:40:30] 页面数量: 1
[2016-10-17 15:40:30] 获取商品数量：21
[2016-10-17 15:40:30] 当前请求地址: https://xxabjp.tmall.com/category.htm?search=y&orderType=hotsell_desc&pageNo=1
[2016-10-17 15:40:52] 其它异常!
[2016-10-17 15:40:52] 当前请求地址: https://oudekai.tmall.com/category.htm?search=y&orderType=hotsell_desc&pageNo=1
[2016-10-17 15:40:53] 其它异常!
[2016-10-17 15:40:53] 当前请求地址: https://smtbjp.tmall.com/category.htm?search=y&orderType=hotsell_desc&pageNo=1
[2016-10-17 15:41:11] 最新任务是T201610160301_105_800007
[2016-10-17 15:41:11] 任务总量:889
[2016-10-17 15:41:11] 初始化job report.
[2016-10-17 15:41:11] --------------------------------------
[2016-10-17 15:41:11] 下载目标: https://detail.tmall.com/item.htm?id=524468300685
[2016-10-17 15:41:11] 已经下载数:0, 5次重试丢弃数0
[2016-10-17 15:41:14] 当前请求地址: https://detail.tmall.com/item.htm?id=524468300685
[2016-10-17 15:41:47] 最新任务是T201610171539_105_800007
[2016-10-17 15:41:47] 任务总量:20
[2016-10-17 15:41:47] 初始化job report.
[2016-10-17 15:41:47] --------------------------------------
[2016-10-17 15:41:47] 下载目标: https://detail.tmall.com/item.htm?id=524468300685
[2016-10-17 15:41:47] 已经下载数:0, 5次重试丢弃数0
[2016-10-17 15:41:49] 当前请求地址: https://detail.tmall.com/item.htm?id=524468300685
[2016-10-17 15:42:25] 请求详情.
[2016-10-17 15:42:35] ID: 524468300685
[2016-10-17 15:42:35] 标题: 【买2送1】贝兴玛卡片玛咖精片正品黑玛咖片MACA成人男性玛卡精片
[2016-10-17 15:42:35] 价格: 29.90
[2016-10-17 15:42:35] 销量: 16980
[2016-10-17 15:42:35] 图片tmall地址: https://img.alicdn.com/bao/uploaded/i4/TB1othZNpXXXXXYXVXXXXXXXXXX_!!0-item_pic.jpg_430x430q90.jpg
[2016-10-17 15:42:35] 先前已下载!
[2016-10-17 15:42:35] 目标入库.
[2016-10-17 15:42:35] 完成.
[2016-10-17 15:42:35] --------------------------------------
[2016-10-17 15:42:35] 下载目标: https://detail.tmall.com/item.htm?id=526914018428
[2016-10-17 15:42:35] 已经下载数:1, 5次重试丢弃数0
[2016-10-17 15:42:37] 当前请求地址: https://detail.tmall.com/item.htm?id=526914018428
[2016-10-17 15:42:40] 请求详情.
[2016-10-17 15:42:42] ID: 526914018428
[2016-10-17 15:42:42] 标题: Health care/一品康 芦荟软胶囊 800mg/粒*12粒/板*2板*2盒套餐
[2016-10-17 15:42:42] 价格: 58.80
[2016-10-17 15:42:42] 销量: 2
[2016-10-17 15:42:42] 图片tmall地址: //img.alicdn.com/bao/uploaded/i1/TB1gNUALpXXXXcwXpXXMGSd9pXX_040554.jpg_430x430q90.jpg
[2016-10-17 15:42:42] 先前已下载!
[2016-10-17 15:42:42] 目标入库.
[2016-10-17 15:42:42] 完成.
[2016-10-17 15:42:42] --------------------------------------
[2016-10-17 15:42:42] 下载目标: https://detail.tmall.com/item.htm?id=530482923937
[2016-10-17 15:42:42] 已经下载数:2, 5次重试丢弃数0
